==98220== Memcheck, a memory error detector
==98220== Copyright (C) 2002-2022, and GNU GPL'd, by Julian Seward et al.
==98220== Using Valgrind-3.22.0 and LibVEX; rerun with -h for copyright info
==98220== Command: ./cub3D maps/test.cub
==98220== 
==98220== Syscall param writev(vector[0]) points to uninitialised byte(s)
==98220==    at 0x4BD7864: writev (writev.c:26)
==98220==    by 0x4CCEACA: ??? (in /usr/lib/x86_64-linux-gnu/libxcb.so.1.1.0)
==98220==    by 0x4CCEC4E: ??? (in /usr/lib/x86_64-linux-gnu/libxcb.so.1.1.0)
==98220==    by 0x4CCFD7E: xcb_writev (in /usr/lib/x86_64-linux-gnu/libxcb.so.1.1.0)
==98220==    by 0x48C90B8: _XSend (in /usr/lib/x86_64-linux-gnu/libX11.so.6.4.0)
==98220==    by 0x48CE148: _XReadEvents (in /usr/lib/x86_64-linux-gnu/libX11.so.6.4.0)
==98220==    by 0x48CE52B: XWindowEvent (in /usr/lib/x86_64-linux-gnu/libX11.so.6.4.0)
==98220==    by 0x115CC5: mlx_int_wait_first_expose (in /home/lila/Downloads/Cub3D/cub3D)
==98220==    by 0x1159F5: mlx_new_window (in /home/lila/Downloads/Cub3D/cub3D)
==98220==    by 0x10FCFE: init_mlx (in /home/lila/Downloads/Cub3D/cub3D)
==98220==    by 0x10FEA4: init_game (in /home/lila/Downloads/Cub3D/cub3D)
==98220==    by 0x10FC5E: main (in /home/lila/Downloads/Cub3D/cub3D)
==98220==  Address 0x4d38c9c is 28 bytes inside a block of size 16,384 alloc'd
==98220==    at 0x484D953: calloc (in /usr/libexec/valgrind/vgpreload_memcheck-amd64-linux.so)
==98220==    by 0x48B842D: XOpenDisplay (in /usr/lib/x86_64-linux-gnu/libX11.so.6.4.0)
==98220==    by 0x1157A6: mlx_init (in /home/lila/Downloads/Cub3D/cub3D)
==98220==    by 0x10FCB6: init_mlx (in /home/lila/Downloads/Cub3D/cub3D)
==98220==    by 0x10FEA4: init_game (in /home/lila/Downloads/Cub3D/cub3D)
==98220==    by 0x10FC5E: main (in /home/lila/Downloads/Cub3D/cub3D)
==98220==  Uninitialised value was created by a stack allocation
==98220==    at 0x115BD0: mlx_int_anti_resize_win (in /home/lila/Downloads/Cub3D/cub3D)
==98220== 
✅ Enemy detected at map (8, 2)
→ world (8.5, 2.5)
✅ Enemy detected at map (3, 9)
→ world (3.5, 9.5)
🧍 Player direction set: dir_x = 0.0, dir_y = -1.0
📷 Camera plane set: plane_x = 0.66, plane_y = 0.00
👾 Enemy 0 texture loaded: 64x64
👾 Enemy 1 texture loaded: 64x64
==98220== 
==98220== HEAP SUMMARY:
==98220==     in use at exit: 32,407 bytes in 406 blocks
==98220==   total heap usage: 3,938 allocs, 3,532 frees, 1,643,823 bytes allocated
==98220== 
==98220== 2 bytes in 1 blocks are still reachable in loss record 1 of 64
==98220==    at 0x4846828: malloc (in /usr/libexec/valgrind/vgpreload_memcheck-amd64-linux.so)
==98220==    by 0x4B6235E: strdup (strdup.c:42)
==98220==    by 0x48E0C87: _XlcCreateLC (in /usr/lib/x86_64-linux-gnu/libX11.so.6.4.0)
==98220==    by 0x4900D53: _XlcDefaultLoader (in /usr/lib/x86_64-linux-gnu/libX11.so.6.4.0)
==98220==    by 0x48E5130: _XOpenLC (in /usr/lib/x86_64-linux-gnu/libX11.so.6.4.0)
==98220==    by 0x48E5B76: _XrmInitParseInfo (in /usr/lib/x86_64-linux-gnu/libX11.so.6.4.0)
==98220==    by 0x48CF0AF: ??? (in /usr/lib/x86_64-linux-gnu/libX11.so.6.4.0)
==98220==    by 0x48CF532: XrmGetStringDatabase (in /usr/lib/x86_64-linux-gnu/libX11.so.6.4.0)
==98220==    by 0x48ACF4C: ??? (in /usr/lib/x86_64-linux-gnu/libX11.so.6.4.0)
==98220==    by 0x48AD13D: XGetDefault (in /usr/lib/x86_64-linux-gnu/libX11.so.6.4.0)
==98220==    by 0x5364A82: _XcursorGetDisplayInfo (in /usr/lib/x86_64-linux-gnu/libXcursor.so.1.0.2)
==98220==    by 0x5364BBC: XcursorSupportsARGB (in /usr/lib/x86_64-linux-gnu/libXcursor.so.1.0.2)
==98220== 
==98220== 2 bytes in 1 blocks are still reachable in loss record 2 of 64
==98220==    at 0x4846828: malloc (in /usr/libexec/valgrind/vgpreload_memcheck-amd64-linux.so)
==98220==    by 0x4B6235E: strdup (strdup.c:42)
==98220==    by 0x48DFF67: _XlcResolveLocaleName (in /usr/lib/x86_64-linux-gnu/libX11.so.6.4.0)
==98220==    by 0x48E5EF9: ??? (in /usr/lib/x86_64-linux-gnu/libX11.so.6.4.0)
==98220==    by 0x48E404E: ??? (in /usr/lib/x86_64-linux-gnu/libX11.so.6.4.0)
==98220==    by 0x48E0C3D: _XlcCreateLC (in /usr/lib/x86_64-linux-gnu/libX11.so.6.4.0)
==98220==    by 0x4900D53: _XlcDefaultLoader (in /usr/lib/x86_64-linux-gnu/libX11.so.6.4.0)
==98220==    by 0x48E5130: _XOpenLC (in /usr/lib/x86_64-linux-gnu/libX11.so.6.4.0)
==98220==    by 0x48E5B76: _XrmInitParseInfo (in /usr/lib/x86_64-linux-gnu/libX11.so.6.4.0)
==98220==    by 0x48CF0AF: ??? (in /usr/lib/x86_64-linux-gnu/libX11.so.6.4.0)
==98220==    by 0x48CF532: XrmGetStringDatabase (in /usr/lib/x86_64-linux-gnu/libX11.so.6.4.0)
==98220==    by 0x48ACF4C: ??? (in /usr/lib/x86_64-linux-gnu/libX11.so.6.4.0)
==98220== 
==98220== 7 bytes in 1 blocks are still reachable in loss record 3 of 64
==98220==    at 0x4846828: malloc (in /usr/libexec/valgrind/vgpreload_memcheck-amd64-linux.so)
==98220==    by 0x4B6235E: strdup (strdup.c:42)
==98220==    by 0x48E5DC2: ??? (in /usr/lib/x86_64-linux-gnu/libX11.so.6.4.0)
==98220==    by 0x48E404E: ??? (in /usr/lib/x86_64-linux-gnu/libX11.so.6.4.0)
==98220==    by 0x48E0C3D: _XlcCreateLC (in /usr/lib/x86_64-linux-gnu/libX11.so.6.4.0)
==98220==    by 0x4900D53: _XlcDefaultLoader (in /usr/lib/x86_64-linux-gnu/libX11.so.6.4.0)
==98220==    by 0x48E5130: _XOpenLC (in /usr/lib/x86_64-linux-gnu/libX11.so.6.4.0)
==98220==    by 0x48E5B76: _XrmInitParseInfo (in /usr/lib/x86_64-linux-gnu/libX11.so.6.4.0)
==98220==    by 0x48CF0AF: ??? (in /usr/lib/x86_64-linux-gnu/libX11.so.6.4.0)
==98220==    by 0x48CF532: XrmGetStringDatabase (in /usr/lib/x86_64-linux-gnu/libX11.so.6.4.0)
==98220==    by 0x48ACF4C: ??? (in /usr/lib/x86_64-linux-gnu/libX11.so.6.4.0)
==98220==    by 0x48AD13D: XGetDefault (in /usr/lib/x86_64-linux-gnu/libX11.so.6.4.0)
==98220== 
==98220== 16 bytes in 1 blocks are still reachable in loss record 4 of 64
==98220==    at 0x4846828: malloc (in /usr/libexec/valgrind/vgpreload_memcheck-amd64-linux.so)
==98220==    by 0x48E10FF: _XlcAddLoader (in /usr/lib/x86_64-linux-gnu/libX11.so.6.4.0)
==98220==    by 0x48E1175: _XlcInitLoader (in /usr/lib/x86_64-linux-gnu/libX11.so.6.4.0)
==98220==    by 0x48E5108: _XOpenLC (in /usr/lib/x86_64-linux-gnu/libX11.so.6.4.0)
==98220==    by 0x48E5B76: _XrmInitParseInfo (in /usr/lib/x86_64-linux-gnu/libX11.so.6.4.0)
==98220==    by 0x48CF0AF: ??? (in /usr/lib/x86_64-linux-gnu/libX11.so.6.4.0)
==98220==    by 0x48CF532: XrmGetStringDatabase (in /usr/lib/x86_64-linux-gnu/libX11.so.6.4.0)
==98220==    by 0x48ACF4C: ??? (in /usr/lib/x86_64-linux-gnu/libX11.so.6.4.0)
==98220==    by 0x48AD13D: XGetDefault (in /usr/lib/x86_64-linux-gnu/libX11.so.6.4.0)
==98220==    by 0x5364A82: _XcursorGetDisplayInfo (in /usr/lib/x86_64-linux-gnu/libXcursor.so.1.0.2)
==98220==    by 0x5364BBC: XcursorSupportsARGB (in /usr/lib/x86_64-linux-gnu/libXcursor.so.1.0.2)
==98220==    by 0x536805E: XcursorNoticeCreateBitmap (in /usr/lib/x86_64-linux-gnu/libXcursor.so.1.0.2)
==98220== 
==98220== 16 bytes in 1 blocks are still reachable in loss record 5 of 64
==98220==    at 0x4846828: malloc (in /usr/libexec/valgrind/vgpreload_memcheck-amd64-linux.so)
==98220==    by 0x48E10FF: _XlcAddLoader (in /usr/lib/x86_64-linux-gnu/libX11.so.6.4.0)
==98220==    by 0x48E1183: _XlcInitLoader (in /usr/lib/x86_64-linux-gnu/libX11.so.6.4.0)
==98220==    by 0x48E5108: _XOpenLC (in /usr/lib/x86_64-linux-gnu/libX11.so.6.4.0)
==98220==    by 0x48E5B76: _XrmInitParseInfo (in /usr/lib/x86_64-linux-gnu/libX11.so.6.4.0)
==98220==    by 0x48CF0AF: ??? (in /usr/lib/x86_64-linux-gnu/libX11.so.6.4.0)
==98220==    by 0x48CF532: XrmGetStringDatabase (in /usr/lib/x86_64-linux-gnu/libX11.so.6.4.0)
==98220==    by 0x48ACF4C: ??? (in /usr/lib/x86_64-linux-gnu/libX11.so.6.4.0)
==98220==    by 0x48AD13D: XGetDefault (in /usr/lib/x86_64-linux-gnu/libX11.so.6.4.0)
==98220==    by 0x5364A82: _XcursorGetDisplayInfo (in /usr/lib/x86_64-linux-gnu/libXcursor.so.1.0.2)
==98220==    by 0x5364BBC: XcursorSupportsARGB (in /usr/lib/x86_64-linux-gnu/libXcursor.so.1.0.2)
==98220==    by 0x536805E: XcursorNoticeCreateBitmap (in /usr/lib/x86_64-linux-gnu/libXcursor.so.1.0.2)
==98220== 
==98220== 16 bytes in 1 blocks are still reachable in loss record 6 of 64
==98220==    at 0x4846828: malloc (in /usr/libexec/valgrind/vgpreload_memcheck-amd64-linux.so)
==98220==    by 0x48E10FF: _XlcAddLoader (in /usr/lib/x86_64-linux-gnu/libX11.so.6.4.0)
==98220==    by 0x48E5108: _XOpenLC (in /usr/lib/x86_64-linux-gnu/libX11.so.6.4.0)
==98220==    by 0x48E5B76: _XrmInitParseInfo (in /usr/lib/x86_64-linux-gnu/libX11.so.6.4.0)
==98220==    by 0x48CF0AF: ??? (in /usr/lib/x86_64-linux-gnu/libX11.so.6.4.0)
==98220==    by 0x48CF532: XrmGetStringDatabase (in /usr/lib/x86_64-linux-gnu/libX11.so.6.4.0)
==98220==    by 0x48ACF4C: ??? (in /usr/lib/x86_64-linux-gnu/libX11.so.6.4.0)
==98220==    by 0x48AD13D: XGetDefault (in /usr/lib/x86_64-linux-gnu/libX11.so.6.4.0)
==98220==    by 0x5364A82: _XcursorGetDisplayInfo (in /usr/lib/x86_64-linux-gnu/libXcursor.so.1.0.2)
==98220==    by 0x5364BBC: XcursorSupportsARGB (in /usr/lib/x86_64-linux-gnu/libXcursor.so.1.0.2)
==98220==    by 0x536805E: XcursorNoticeCreateBitmap (in /usr/lib/x86_64-linux-gnu/libXcursor.so.1.0.2)
==98220==    by 0x48A5800: XCreatePixmap (in /usr/lib/x86_64-linux-gnu/libX11.so.6.4.0)
==98220== 
==98220== 16 bytes in 1 blocks are still reachable in loss record 7 of 64
==98220==    at 0x484DB80: realloc (in /usr/libexec/valgrind/vgpreload_memcheck-amd64-linux.so)
==98220==    by 0x48DF24F: ??? (in /usr/lib/x86_64-linux-gnu/libX11.so.6.4.0)
==98220==    by 0x48E22A3: ??? (in /usr/lib/x86_64-linux-gnu/libX11.so.6.4.0)
==98220==    by 0x48E405A: ??? (in /usr/lib/x86_64-linux-gnu/libX11.so.6.4.0)
==98220==    by 0x48E0C3D: _XlcCreateLC (in /usr/lib/x86_64-linux-gnu/libX11.so.6.4.0)
==98220==    by 0x4900D53: _XlcDefaultLoader (in /usr/lib/x86_64-linux-gnu/libX11.so.6.4.0)
==98220==    by 0x48E5130: _XOpenLC (in /usr/lib/x86_64-linux-gnu/libX11.so.6.4.0)
==98220==    by 0x48E5B76: _XrmInitParseInfo (in /usr/lib/x86_64-linux-gnu/libX11.so.6.4.0)
==98220==    by 0x48CF0AF: ??? (in /usr/lib/x86_64-linux-gnu/libX11.so.6.4.0)
==98220==    by 0x48CF532: XrmGetStringDatabase (in /usr/lib/x86_64-linux-gnu/libX11.so.6.4.0)
==98220==    by 0x48ACF4C: ??? (in /usr/lib/x86_64-linux-gnu/libX11.so.6.4.0)
==98220==    by 0x48AD13D: XGetDefault (in /usr/lib/x86_64-linux-gnu/libX11.so.6.4.0)
==98220== 
==98220== 16 bytes in 1 blocks are still reachable in loss record 8 of 64
==98220==    at 0x4846828: malloc (in /usr/libexec/valgrind/vgpreload_memcheck-amd64-linux.so)
==98220==    by 0x48E5142: _XOpenLC (in /usr/lib/x86_64-linux-gnu/libX11.so.6.4.0)
==98220==    by 0x48E5B76: _XrmInitParseInfo (in /usr/lib/x86_64-linux-gnu/libX11.so.6.4.0)
==98220==    by 0x48CF0AF: ??? (in /usr/lib/x86_64-linux-gnu/libX11.so.6.4.0)
==98220==    by 0x48CF532: XrmGetStringDatabase (in /usr/lib/x86_64-linux-gnu/libX11.so.6.4.0)
==98220==    by 0x48ACF4C: ??? (in /usr/lib/x86_64-linux-gnu/libX11.so.6.4.0)
==98220==    by 0x48AD13D: XGetDefault (in /usr/lib/x86_64-linux-gnu/libX11.so.6.4.0)
==98220==    by 0x5364A82: _XcursorGetDisplayInfo (in /usr/lib/x86_64-linux-gnu/libXcursor.so.1.0.2)
==98220==    by 0x5364BBC: XcursorSupportsARGB (in /usr/lib/x86_64-linux-gnu/libXcursor.so.1.0.2)
==98220==    by 0x536805E: XcursorNoticeCreateBitmap (in /usr/lib/x86_64-linux-gnu/libXcursor.so.1.0.2)
==98220==    by 0x48A5800: XCreatePixmap (in /usr/lib/x86_64-linux-gnu/libX11.so.6.4.0)
==98220==    by 0x48A9BA7: XCreateBitmapFromData (in /usr/lib/x86_64-linux-gnu/libX11.so.6.4.0)
==98220== 
==98220== 16 bytes in 2 blocks are still reachable in loss record 9 of 64
==98220==    at 0x4846828: malloc (in /usr/libexec/valgrind/vgpreload_memcheck-amd64-linux.so)
==98220==    by 0x48E2859: ??? (in /usr/lib/x86_64-linux-gnu/libX11.so.6.4.0)
==98220==    by 0x48E405A: ??? (in /usr/lib/x86_64-linux-gnu/libX11.so.6.4.0)
==98220==    by 0x48E0C3D: _XlcCreateLC (in /usr/lib/x86_64-linux-gnu/libX11.so.6.4.0)
==98220==    by 0x4900D53: _XlcDefaultLoader (in /usr/lib/x86_64-linux-gnu/libX11.so.6.4.0)
==98220==    by 0x48E5130: _XOpenLC (in /usr/lib/x86_64-linux-gnu/libX11.so.6.4.0)
==98220==    by 0x48E5B76: _XrmInitParseInfo (in /usr/lib/x86_64-linux-gnu/libX11.so.6.4.0)
==98220==    by 0x48CF0AF: ??? (in /usr/lib/x86_64-linux-gnu/libX11.so.6.4.0)
==98220==    by 0x48CF532: XrmGetStringDatabase (in /usr/lib/x86_64-linux-gnu/libX11.so.6.4.0)
==98220==    by 0x48ACF4C: ??? (in /usr/lib/x86_64-linux-gnu/libX11.so.6.4.0)
==98220==    by 0x48AD13D: XGetDefault (in /usr/lib/x86_64-linux-gnu/libX11.so.6.4.0)
==98220==    by 0x5364A82: _XcursorGetDisplayInfo (in /usr/lib/x86_64-linux-gnu/libXcursor.so.1.0.2)
==98220== 
==98220== 24 bytes in 1 blocks are still reachable in loss record 10 of 64
==98220==    at 0x484D953: calloc (in /usr/libexec/valgrind/vgpreload_memcheck-amd64-linux.so)
==98220==    by 0x48DEF52: ??? (in /usr/lib/x86_64-linux-gnu/libX11.so.6.4.0)
==98220==    by 0x48E0C1A: _XlcCreateLC (in /usr/lib/x86_64-linux-gnu/libX11.so.6.4.0)
==98220==    by 0x4900D53: _XlcDefaultLoader (in /usr/lib/x86_64-linux-gnu/libX11.so.6.4.0)
==98220==    by 0x48E5130: _XOpenLC (in /usr/lib/x86_64-linux-gnu/libX11.so.6.4.0)
==98220==    by 0x48E5B76: _XrmInitParseInfo (in /usr/lib/x86_64-linux-gnu/libX11.so.6.4.0)
==98220==    by 0x48CF0AF: ??? (in /usr/lib/x86_64-linux-gnu/libX11.so.6.4.0)
==98220==    by 0x48CF532: XrmGetStringDatabase (in /usr/lib/x86_64-linux-gnu/libX11.so.6.4.0)
==98220==    by 0x48ACF4C: ??? (in /usr/lib/x86_64-linux-gnu/libX11.so.6.4.0)
==98220==    by 0x48AD13D: XGetDefault (in /usr/lib/x86_64-linux-gnu/libX11.so.6.4.0)
==98220==    by 0x5364A82: _XcursorGetDisplayInfo (in /usr/lib/x86_64-linux-gnu/libXcursor.so.1.0.2)
==98220==    by 0x5364BBC: XcursorSupportsARGB (in /usr/lib/x86_64-linux-gnu/libXcursor.so.1.0.2)
==98220== 
==98220== 32 bytes in 1 blocks are still reachable in loss record 11 of 64
==98220==    at 0x4846828: malloc (in /usr/libexec/valgrind/vgpreload_memcheck-amd64-linux.so)
==98220==    by 0x48D4C6F: ??? (in /usr/lib/x86_64-linux-gnu/libX11.so.6.4.0)
==98220==    by 0x48CAED7: ??? (in /usr/lib/x86_64-linux-gnu/libX11.so.6.4.0)
==98220==    by 0x48CF55F: XrmGetStringDatabase (in /usr/lib/x86_64-linux-gnu/libX11.so.6.4.0)
==98220==    by 0x48ACF4C: ??? (in /usr/lib/x86_64-linux-gnu/libX11.so.6.4.0)
==98220==    by 0x48AD13D: XGetDefault (in /usr/lib/x86_64-linux-gnu/libX11.so.6.4.0)
==98220==    by 0x5364A82: _XcursorGetDisplayInfo (in /usr/lib/x86_64-linux-gnu/libXcursor.so.1.0.2)
==98220==    by 0x5364BBC: XcursorSupportsARGB (in /usr/lib/x86_64-linux-gnu/libXcursor.so.1.0.2)
==98220==    by 0x536805E: XcursorNoticeCreateBitmap (in /usr/lib/x86_64-linux-gnu/libXcursor.so.1.0.2)
==98220==    by 0x48A5800: XCreatePixmap (in /usr/lib/x86_64-linux-gnu/libX11.so.6.4.0)
==98220==    by 0x48A9BA7: XCreateBitmapFromData (in /usr/lib/x86_64-linux-gnu/libX11.so.6.4.0)
==98220==    by 0x117B00: mlx_mouse_hide (in /home/lila/Downloads/Cub3D/cub3D)
==98220== 
==98220== 38 bytes in 1 blocks are still reachable in loss record 12 of 64
==98220==    at 0x4846828: malloc (in /usr/libexec/valgrind/vgpreload_memcheck-amd64-linux.so)
==98220==    by 0x4028ABF: malloc (rtld-malloc.h:56)
==98220==    by 0x4028ABF: strdup (strdup.c:42)
==98220==    by 0x4016A95: _dl_load_cache_lookup (dl-cache.c:515)
==98220==    by 0x40097CA: _dl_map_object (dl-load.c:2135)
==98220==    by 0x400D8DB: dl_open_worker_begin (dl-open.c:578)
==98220==    by 0x400151B: _dl_catch_exception (dl-catch.c:237)
==98220==    by 0x400CD1F: dl_open_worker (dl-open.c:803)
==98220==    by 0x400151B: _dl_catch_exception (dl-catch.c:237)
==98220==    by 0x400D163: _dl_open (dl-open.c:905)
==98220==    by 0x4B461A3: dlopen_doit (dlopen.c:56)
==98220==    by 0x400151B: _dl_catch_exception (dl-catch.c:237)
==98220==    by 0x4001668: _dl_catch_error (dl-catch.c:256)
==98220== 
==98220== 38 bytes in 1 blocks are still reachable in loss record 13 of 64
==98220==    at 0x4846828: malloc (in /usr/libexec/valgrind/vgpreload_memcheck-amd64-linux.so)
==98220==    by 0x400CA68: malloc (rtld-malloc.h:56)
==98220==    by 0x400CA68: _dl_new_object (dl-object.c:199)
==98220==    by 0x4007ABE: _dl_map_object_from_fd (dl-load.c:1053)
==98220==    by 0x4009528: _dl_map_object (dl-load.c:2268)
==98220==    by 0x400D8DB: dl_open_worker_begin (dl-open.c:578)
==98220==    by 0x400151B: _dl_catch_exception (dl-catch.c:237)
==98220==    by 0x400CD1F: dl_open_worker (dl-open.c:803)
==98220==    by 0x400151B: _dl_catch_exception (dl-catch.c:237)
==98220==    by 0x400D163: _dl_open (dl-open.c:905)
==98220==    by 0x4B461A3: dlopen_doit (dlopen.c:56)
==98220==    by 0x400151B: _dl_catch_exception (dl-catch.c:237)
==98220==    by 0x4001668: _dl_catch_error (dl-catch.c:256)
==98220== 
==98220== 40 bytes in 1 blocks are still reachable in loss record 14 of 64
==98220==    at 0x4846828: malloc (in /usr/libexec/valgrind/vgpreload_memcheck-amd64-linux.so)
==98220==    by 0x48E153C: _XlcCreateLocaleDataBase (in /usr/lib/x86_64-linux-gnu/libX11.so.6.4.0)
==98220==    by 0x48E5D0E: ??? (in /usr/lib/x86_64-linux-gnu/libX11.so.6.4.0)
==98220==    by 0x48E404E: ??? (in /usr/lib/x86_64-linux-gnu/libX11.so.6.4.0)
==98220==    by 0x48E0C3D: _XlcCreateLC (in /usr/lib/x86_64-linux-gnu/libX11.so.6.4.0)
==98220==    by 0x4900D53: _XlcDefaultLoader (in /usr/lib/x86_64-linux-gnu/libX11.so.6.4.0)
==98220==    by 0x48E5130: _XOpenLC (in /usr/lib/x86_64-linux-gnu/libX11.so.6.4.0)
==98220==    by 0x48E5B76: _XrmInitParseInfo (in /usr/lib/x86_64-linux-gnu/libX11.so.6.4.0)
==98220==    by 0x48CF0AF: ??? (in /usr/lib/x86_64-linux-gnu/libX11.so.6.4.0)
==98220==    by 0x48CF532: XrmGetStringDatabase (in /usr/lib/x86_64-linux-gnu/libX11.so.6.4.0)
==98220==    by 0x48ACF4C: ??? (in /usr/lib/x86_64-linux-gnu/libX11.so.6.4.0)
==98220==    by 0x48AD13D: XGetDefault (in /usr/lib/x86_64-linux-gnu/libX11.so.6.4.0)
==98220== 
==98220== 47 bytes in 5 blocks are still reachable in loss record 15 of 64
==98220==    at 0x4846828: malloc (in /usr/libexec/valgrind/vgpreload_memcheck-amd64-linux.so)
==98220==    by 0x48D9A80: _XlcAddCT (in /usr/lib/x86_64-linux-gnu/libX11.so.6.4.0)
==98220==    by 0x48D9E0F: _XlcInitCTInfo (in /usr/lib/x86_64-linux-gnu/libX11.so.6.4.0)
==98220==    by 0x48E5BD5: ??? (in /usr/lib/x86_64-linux-gnu/libX11.so.6.4.0)
==98220==    by 0x48E404E: ??? (in /usr/lib/x86_64-linux-gnu/libX11.so.6.4.0)
==98220==    by 0x48E0C3D: _XlcCreateLC (in /usr/lib/x86_64-linux-gnu/libX11.so.6.4.0)
==98220==    by 0x4902E39: _XlcUtf8Loader (in /usr/lib/x86_64-linux-gnu/libX11.so.6.4.0)
==98220==    by 0x48E5130: _XOpenLC (in /usr/lib/x86_64-linux-gnu/libX11.so.6.4.0)
==98220==    by 0x48E5B76: _XrmInitParseInfo (in /usr/lib/x86_64-linux-gnu/libX11.so.6.4.0)
==98220==    by 0x48CF0AF: ??? (in /usr/lib/x86_64-linux-gnu/libX11.so.6.4.0)
==98220==    by 0x48CF532: XrmGetStringDatabase (in /usr/lib/x86_64-linux-gnu/libX11.so.6.4.0)
==98220==    by 0x48ACF4C: ??? (in /usr/lib/x86_64-linux-gnu/libX11.so.6.4.0)
==98220== 
==98220== 64 bytes in 1 blocks are still reachable in loss record 16 of 64
==98220==    at 0x4846828: malloc (in /usr/libexec/valgrind/vgpreload_memcheck-amd64-linux.so)
==98220==    by 0x48BB872: _XrmInternalStringToQuark (in /usr/lib/x86_64-linux-gnu/libX11.so.6.4.0)
==98220==    by 0x48CEFC3: XrmInitialize (in /usr/lib/x86_64-linux-gnu/libX11.so.6.4.0)
==98220==    by 0x48ACF3B: ??? (in /usr/lib/x86_64-linux-gnu/libX11.so.6.4.0)
==98220==    by 0x48AD13D: XGetDefault (in /usr/lib/x86_64-linux-gnu/libX11.so.6.4.0)
==98220==    by 0x5364A82: _XcursorGetDisplayInfo (in /usr/lib/x86_64-linux-gnu/libXcursor.so.1.0.2)
==98220==    by 0x5364BBC: XcursorSupportsARGB (in /usr/lib/x86_64-linux-gnu/libXcursor.so.1.0.2)
==98220==    by 0x536805E: XcursorNoticeCreateBitmap (in /usr/lib/x86_64-linux-gnu/libXcursor.so.1.0.2)
==98220==    by 0x48A5800: XCreatePixmap (in /usr/lib/x86_64-linux-gnu/libX11.so.6.4.0)
==98220==    by 0x48A9BA7: XCreateBitmapFromData (in /usr/lib/x86_64-linux-gnu/libX11.so.6.4.0)
==98220==    by 0x117B00: mlx_mouse_hide (in /home/lila/Downloads/Cub3D/cub3D)
==98220==    by 0x1103CE: start_game (in /home/lila/Downloads/Cub3D/cub3D)
==98220== 
==98220== 64 bytes in 1 blocks are still reachable in loss record 17 of 64
==98220==    at 0x4846828: malloc (in /usr/libexec/valgrind/vgpreload_memcheck-amd64-linux.so)
==98220==    by 0x48D9D3D: _XlcSetConverter (in /usr/lib/x86_64-linux-gnu/libX11.so.6.4.0)
==98220==    by 0x48D9E58: _XlcInitCTInfo (in /usr/lib/x86_64-linux-gnu/libX11.so.6.4.0)
==98220==    by 0x48E5BD5: ??? (in /usr/lib/x86_64-linux-gnu/libX11.so.6.4.0)
==98220==    by 0x48E404E: ??? (in /usr/lib/x86_64-linux-gnu/libX11.so.6.4.0)
==98220==    by 0x48E0C3D: _XlcCreateLC (in /usr/lib/x86_64-linux-gnu/libX11.so.6.4.0)
==98220==    by 0x4902E39: _XlcUtf8Loader (in /usr/lib/x86_64-linux-gnu/libX11.so.6.4.0)
==98220==    by 0x48E5130: _XOpenLC (in /usr/lib/x86_64-linux-gnu/libX11.so.6.4.0)
==98220==    by 0x48E5B76: _XrmInitParseInfo (in /usr/lib/x86_64-linux-gnu/libX11.so.6.4.0)
==98220==    by 0x48CF0AF: ??? (in /usr/lib/x86_64-linux-gnu/libX11.so.6.4.0)
==98220==    by 0x48CF532: XrmGetStringDatabase (in /usr/lib/x86_64-linux-gnu/libX11.so.6.4.0)
==98220==    by 0x48ACF4C: ??? (in /usr/lib/x86_64-linux-gnu/libX11.so.6.4.0)
==98220== 
==98220== 64 bytes in 1 blocks are still reachable in loss record 18 of 64
==98220==    at 0x4846828: malloc (in /usr/libexec/valgrind/vgpreload_memcheck-amd64-linux.so)
==98220==    by 0x48D9D3D: _XlcSetConverter (in /usr/lib/x86_64-linux-gnu/libX11.so.6.4.0)
==98220==    by 0x48D9E6E: _XlcInitCTInfo (in /usr/lib/x86_64-linux-gnu/libX11.so.6.4.0)
==98220==    by 0x48E5BD5: ??? (in /usr/lib/x86_64-linux-gnu/libX11.so.6.4.0)
==98220==    by 0x48E404E: ??? (in /usr/lib/x86_64-linux-gnu/libX11.so.6.4.0)
==98220==    by 0x48E0C3D: _XlcCreateLC (in /usr/lib/x86_64-linux-gnu/libX11.so.6.4.0)
==98220==    by 0x4902E39: _XlcUtf8Loader (in /usr/lib/x86_64-linux-gnu/libX11.so.6.4.0)
==98220==    by 0x48E5130: _XOpenLC (in /usr/lib/x86_64-linux-gnu/libX11.so.6.4.0)
==98220==    by 0x48E5B76: _XrmInitParseInfo (in /usr/lib/x86_64-linux-gnu/libX11.so.6.4.0)
==98220==    by 0x48CF0AF: ??? (in /usr/lib/x86_64-linux-gnu/libX11.so.6.4.0)
==98220==    by 0x48CF532: XrmGetStringDatabase (in /usr/lib/x86_64-linux-gnu/libX11.so.6.4.0)
==98220==    by 0x48ACF4C: ??? (in /usr/lib/x86_64-linux-gnu/libX11.so.6.4.0)
==98220== 
==98220== 64 bytes in 1 blocks are still reachable in loss record 19 of 64
==98220==    at 0x4846828: malloc (in /usr/libexec/valgrind/vgpreload_memcheck-amd64-linux.so)
==98220==    by 0x48D9D3D: _XlcSetConverter (in /usr/lib/x86_64-linux-gnu/libX11.so.6.4.0)
==98220==    by 0x48D9E84: _XlcInitCTInfo (in /usr/lib/x86_64-linux-gnu/libX11.so.6.4.0)
==98220==    by 0x48E5BD5: ??? (in /usr/lib/x86_64-linux-gnu/libX11.so.6.4.0)
==98220==    by 0x48E404E: ??? (in /usr/lib/x86_64-linux-gnu/libX11.so.6.4.0)
==98220==    by 0x48E0C3D: _XlcCreateLC (in /usr/lib/x86_64-linux-gnu/libX11.so.6.4.0)
==98220==    by 0x4902E39: _XlcUtf8Loader (in /usr/lib/x86_64-linux-gnu/libX11.so.6.4.0)
==98220==    by 0x48E5130: _XOpenLC (in /usr/lib/x86_64-linux-gnu/libX11.so.6.4.0)
==98220==    by 0x48E5B76: _XrmInitParseInfo (in /usr/lib/x86_64-linux-gnu/libX11.so.6.4.0)
==98220==    by 0x48CF0AF: ??? (in /usr/lib/x86_64-linux-gnu/libX11.so.6.4.0)
==98220==    by 0x48CF532: XrmGetStringDatabase (in /usr/lib/x86_64-linux-gnu/libX11.so.6.4.0)
==98220==    by 0x48ACF4C: ??? (in /usr/lib/x86_64-linux-gnu/libX11.so.6.4.0)
==98220== 
==98220== 64 bytes in 1 blocks are still reachable in loss record 20 of 64
==98220==    at 0x4846828: malloc (in /usr/libexec/valgrind/vgpreload_memcheck-amd64-linux.so)
==98220==    by 0x48D9D3D: _XlcSetConverter (in /usr/lib/x86_64-linux-gnu/libX11.so.6.4.0)
==98220==    by 0x48D9E9A: _XlcInitCTInfo (in /usr/lib/x86_64-linux-gnu/libX11.so.6.4.0)
==98220==    by 0x48E5BD5: ??? (in /usr/lib/x86_64-linux-gnu/libX11.so.6.4.0)
==98220==    by 0x48E404E: ??? (in /usr/lib/x86_64-linux-gnu/libX11.so.6.4.0)
==98220==    by 0x48E0C3D: _XlcCreateLC (in /usr/lib/x86_64-linux-gnu/libX11.so.6.4.0)
==98220==    by 0x4902E39: _XlcUtf8Loader (in /usr/lib/x86_64-linux-gnu/libX11.so.6.4.0)
==98220==    by 0x48E5130: _XOpenLC (in /usr/lib/x86_64-linux-gnu/libX11.so.6.4.0)
==98220==    by 0x48E5B76: _XrmInitParseInfo (in /usr/lib/x86_64-linux-gnu/libX11.so.6.4.0)
==98220==    by 0x48CF0AF: ??? (in /usr/lib/x86_64-linux-gnu/libX11.so.6.4.0)
==98220==    by 0x48CF532: XrmGetStringDatabase (in /usr/lib/x86_64-linux-gnu/libX11.so.6.4.0)
==98220==    by 0x48ACF4C: ??? (in /usr/lib/x86_64-linux-gnu/libX11.so.6.4.0)
==98220== 
==98220== 64 bytes in 1 blocks are still reachable in loss record 21 of 64
==98220==    at 0x4846828: malloc (in /usr/libexec/valgrind/vgpreload_memcheck-amd64-linux.so)
==98220==    by 0x48D9D3D: _XlcSetConverter (in /usr/lib/x86_64-linux-gnu/libX11.so.6.4.0)
==98220==    by 0x4900DA1: _XlcDefaultLoader (in /usr/lib/x86_64-linux-gnu/libX11.so.6.4.0)
==98220==    by 0x48E5130: _XOpenLC (in /usr/lib/x86_64-linux-gnu/libX11.so.6.4.0)
==98220==    by 0x48E5B76: _XrmInitParseInfo (in /usr/lib/x86_64-linux-gnu/libX11.so.6.4.0)
==98220==    by 0x48CF0AF: ??? (in /usr/lib/x86_64-linux-gnu/libX11.so.6.4.0)
==98220==    by 0x48CF532: XrmGetStringDatabase (in /usr/lib/x86_64-linux-gnu/libX11.so.6.4.0)
==98220==    by 0x48ACF4C: ??? (in /usr/lib/x86_64-linux-gnu/libX11.so.6.4.0)
==98220==    by 0x48AD13D: XGetDefault (in /usr/lib/x86_64-linux-gnu/libX11.so.6.4.0)
==98220==    by 0x5364A82: _XcursorGetDisplayInfo (in /usr/lib/x86_64-linux-gnu/libXcursor.so.1.0.2)
==98220==    by 0x5364BBC: XcursorSupportsARGB (in /usr/lib/x86_64-linux-gnu/libXcursor.so.1.0.2)
==98220==    by 0x536805E: XcursorNoticeCreateBitmap (in /usr/lib/x86_64-linux-gnu/libXcursor.so.1.0.2)
==98220== 
==98220== 64 bytes in 1 blocks are still reachable in loss record 22 of 64
==98220==    at 0x4846828: malloc (in /usr/libexec/valgrind/vgpreload_memcheck-amd64-linux.so)
==98220==    by 0x48D9D3D: _XlcSetConverter (in /usr/lib/x86_64-linux-gnu/libX11.so.6.4.0)
==98220==    by 0x4900DB9: _XlcDefaultLoader (in /usr/lib/x86_64-linux-gnu/libX11.so.6.4.0)
==98220==    by 0x48E5130: _XOpenLC (in /usr/lib/x86_64-linux-gnu/libX11.so.6.4.0)
==98220==    by 0x48E5B76: _XrmInitParseInfo (in /usr/lib/x86_64-linux-gnu/libX11.so.6.4.0)
==98220==    by 0x48CF0AF: ??? (in /usr/lib/x86_64-linux-gnu/libX11.so.6.4.0)
==98220==    by 0x48CF532: XrmGetStringDatabase (in /usr/lib/x86_64-linux-gnu/libX11.so.6.4.0)
==98220==    by 0x48ACF4C: ??? (in /usr/lib/x86_64-linux-gnu/libX11.so.6.4.0)
==98220==    by 0x48AD13D: XGetDefault (in /usr/lib/x86_64-linux-gnu/libX11.so.6.4.0)
==98220==    by 0x5364A82: _XcursorGetDisplayInfo (in /usr/lib/x86_64-linux-gnu/libXcursor.so.1.0.2)
==98220==    by 0x5364BBC: XcursorSupportsARGB (in /usr/lib/x86_64-linux-gnu/libXcursor.so.1.0.2)
==98220==    by 0x536805E: XcursorNoticeCreateBitmap (in /usr/lib/x86_64-linux-gnu/libXcursor.so.1.0.2)
==98220== 
==98220== 64 bytes in 1 blocks are still reachable in loss record 23 of 64
==98220==    at 0x4846828: malloc (in /usr/libexec/valgrind/vgpreload_memcheck-amd64-linux.so)
==98220==    by 0x48D9D3D: _XlcSetConverter (in /usr/lib/x86_64-linux-gnu/libX11.so.6.4.0)
==98220==    by 0x4900DD1: _XlcDefaultLoader (in /usr/lib/x86_64-linux-gnu/libX11.so.6.4.0)
==98220==    by 0x48E5130: _XOpenLC (in /usr/lib/x86_64-linux-gnu/libX11.so.6.4.0)
==98220==    by 0x48E5B76: _XrmInitParseInfo (in /usr/lib/x86_64-linux-gnu/libX11.so.6.4.0)
==98220==    by 0x48CF0AF: ??? (in /usr/lib/x86_64-linux-gnu/libX11.so.6.4.0)
==98220==    by 0x48CF532: XrmGetStringDatabase (in /usr/lib/x86_64-linux-gnu/libX11.so.6.4.0)
==98220==    by 0x48ACF4C: ??? (in /usr/lib/x86_64-linux-gnu/libX11.so.6.4.0)
==98220==    by 0x48AD13D: XGetDefault (in /usr/lib/x86_64-linux-gnu/libX11.so.6.4.0)
==98220==    by 0x5364A82: _XcursorGetDisplayInfo (in /usr/lib/x86_64-linux-gnu/libXcursor.so.1.0.2)
==98220==    by 0x5364BBC: XcursorSupportsARGB (in /usr/lib/x86_64-linux-gnu/libXcursor.so.1.0.2)
==98220==    by 0x536805E: XcursorNoticeCreateBitmap (in /usr/lib/x86_64-linux-gnu/libXcursor.so.1.0.2)
==98220== 
==98220== 64 bytes in 1 blocks are still reachable in loss record 24 of 64
==98220==    at 0x4846828: malloc (in /usr/libexec/valgrind/vgpreload_memcheck-amd64-linux.so)
==98220==    by 0x48D9D3D: _XlcSetConverter (in /usr/lib/x86_64-linux-gnu/libX11.so.6.4.0)
==98220==    by 0x4900DED: _XlcDefaultLoader (in /usr/lib/x86_64-linux-gnu/libX11.so.6.4.0)
==98220==    by 0x48E5130: _XOpenLC (in /usr/lib/x86_64-linux-gnu/libX11.so.6.4.0)
==98220==    by 0x48E5B76: _XrmInitParseInfo (in /usr/lib/x86_64-linux-gnu/libX11.so.6.4.0)
==98220==    by 0x48CF0AF: ??? (in /usr/lib/x86_64-linux-gnu/libX11.so.6.4.0)
==98220==    by 0x48CF532: XrmGetStringDatabase (in /usr/lib/x86_64-linux-gnu/libX11.so.6.4.0)
==98220==    by 0x48ACF4C: ??? (in /usr/lib/x86_64-linux-gnu/libX11.so.6.4.0)
==98220==    by 0x48AD13D: XGetDefault (in /usr/lib/x86_64-linux-gnu/libX11.so.6.4.0)
==98220==    by 0x5364A82: _XcursorGetDisplayInfo (in /usr/lib/x86_64-linux-gnu/libXcursor.so.1.0.2)
==98220==    by 0x5364BBC: XcursorSupportsARGB (in /usr/lib/x86_64-linux-gnu/libXcursor.so.1.0.2)
==98220==    by 0x536805E: XcursorNoticeCreateBitmap (in /usr/lib/x86_64-linux-gnu/libXcursor.so.1.0.2)
==98220== 
==98220== 64 bytes in 1 blocks are still reachable in loss record 25 of 64
==98220==    at 0x4846828: malloc (in /usr/libexec/valgrind/vgpreload_memcheck-amd64-linux.so)
==98220==    by 0x48D9D3D: _XlcSetConverter (in /usr/lib/x86_64-linux-gnu/libX11.so.6.4.0)
==98220==    by 0x4900E05: _XlcDefaultLoader (in /usr/lib/x86_64-linux-gnu/libX11.so.6.4.0)
==98220==    by 0x48E5130: _XOpenLC (in /usr/lib/x86_64-linux-gnu/libX11.so.6.4.0)
==98220==    by 0x48E5B76: _XrmInitParseInfo (in /usr/lib/x86_64-linux-gnu/libX11.so.6.4.0)
==98220==    by 0x48CF0AF: ??? (in /usr/lib/x86_64-linux-gnu/libX11.so.6.4.0)
==98220==    by 0x48CF532: XrmGetStringDatabase (in /usr/lib/x86_64-linux-gnu/libX11.so.6.4.0)
==98220==    by 0x48ACF4C: ??? (in /usr/lib/x86_64-linux-gnu/libX11.so.6.4.0)
==98220==    by 0x48AD13D: XGetDefault (in /usr/lib/x86_64-linux-gnu/libX11.so.6.4.0)
==98220==    by 0x5364A82: _XcursorGetDisplayInfo (in /usr/lib/x86_64-linux-gnu/libXcursor.so.1.0.2)
==98220==    by 0x5364BBC: XcursorSupportsARGB (in /usr/lib/x86_64-linux-gnu/libXcursor.so.1.0.2)
==98220==    by 0x536805E: XcursorNoticeCreateBitmap (in /usr/lib/x86_64-linux-gnu/libXcursor.so.1.0.2)
==98220== 
==98220== 64 bytes in 1 blocks are still reachable in loss record 26 of 64
==98220==    at 0x4846828: malloc (in /usr/libexec/valgrind/vgpreload_memcheck-amd64-linux.so)
==98220==    by 0x48D9D3D: _XlcSetConverter (in /usr/lib/x86_64-linux-gnu/libX11.so.6.4.0)
==98220==    by 0x4900E1D: _XlcDefaultLoader (in /usr/lib/x86_64-linux-gnu/libX11.so.6.4.0)
==98220==    by 0x48E5130: _XOpenLC (in /usr/lib/x86_64-linux-gnu/libX11.so.6.4.0)
==98220==    by 0x48E5B76: _XrmInitParseInfo (in /usr/lib/x86_64-linux-gnu/libX11.so.6.4.0)
==98220==    by 0x48CF0AF: ??? (in /usr/lib/x86_64-linux-gnu/libX11.so.6.4.0)
==98220==    by 0x48CF532: XrmGetStringDatabase (in /usr/lib/x86_64-linux-gnu/libX11.so.6.4.0)
==98220==    by 0x48ACF4C: ??? (in /usr/lib/x86_64-linux-gnu/libX11.so.6.4.0)
==98220==    by 0x48AD13D: XGetDefault (in /usr/lib/x86_64-linux-gnu/libX11.so.6.4.0)
==98220==    by 0x5364A82: _XcursorGetDisplayInfo (in /usr/lib/x86_64-linux-gnu/libXcursor.so.1.0.2)
==98220==    by 0x5364BBC: XcursorSupportsARGB (in /usr/lib/x86_64-linux-gnu/libXcursor.so.1.0.2)
==98220==    by 0x536805E: XcursorNoticeCreateBitmap (in /usr/lib/x86_64-linux-gnu/libXcursor.so.1.0.2)
==98220== 
==98220== 64 bytes in 1 blocks are still reachable in loss record 27 of 64
==98220==    at 0x4846828: malloc (in /usr/libexec/valgrind/vgpreload_memcheck-amd64-linux.so)
==98220==    by 0x48D9D3D: _XlcSetConverter (in /usr/lib/x86_64-linux-gnu/libX11.so.6.4.0)
==98220==    by 0x4900E35: _XlcDefaultLoader (in /usr/lib/x86_64-linux-gnu/libX11.so.6.4.0)
==98220==    by 0x48E5130: _XOpenLC (in /usr/lib/x86_64-linux-gnu/libX11.so.6.4.0)
==98220==    by 0x48E5B76: _XrmInitParseInfo (in /usr/lib/x86_64-linux-gnu/libX11.so.6.4.0)
==98220==    by 0x48CF0AF: ??? (in /usr/lib/x86_64-linux-gnu/libX11.so.6.4.0)
==98220==    by 0x48CF532: XrmGetStringDatabase (in /usr/lib/x86_64-linux-gnu/libX11.so.6.4.0)
==98220==    by 0x48ACF4C: ??? (in /usr/lib/x86_64-linux-gnu/libX11.so.6.4.0)
==98220==    by 0x48AD13D: XGetDefault (in /usr/lib/x86_64-linux-gnu/libX11.so.6.4.0)
==98220==    by 0x5364A82: _XcursorGetDisplayInfo (in /usr/lib/x86_64-linux-gnu/libXcursor.so.1.0.2)
==98220==    by 0x5364BBC: XcursorSupportsARGB (in /usr/lib/x86_64-linux-gnu/libXcursor.so.1.0.2)
==98220==    by 0x536805E: XcursorNoticeCreateBitmap (in /usr/lib/x86_64-linux-gnu/libXcursor.so.1.0.2)
==98220== 
==98220== 64 bytes in 1 blocks are still reachable in loss record 28 of 64
==98220==    at 0x4846828: malloc (in /usr/libexec/valgrind/vgpreload_memcheck-amd64-linux.so)
==98220==    by 0x48D9D3D: _XlcSetConverter (in /usr/lib/x86_64-linux-gnu/libX11.so.6.4.0)
==98220==    by 0x4900E4D: _XlcDefaultLoader (in /usr/lib/x86_64-linux-gnu/libX11.so.6.4.0)
==98220==    by 0x48E5130: _XOpenLC (in /usr/lib/x86_64-linux-gnu/libX11.so.6.4.0)
==98220==    by 0x48E5B76: _XrmInitParseInfo (in /usr/lib/x86_64-linux-gnu/libX11.so.6.4.0)
==98220==    by 0x48CF0AF: ??? (in /usr/lib/x86_64-linux-gnu/libX11.so.6.4.0)
==98220==    by 0x48CF532: XrmGetStringDatabase (in /usr/lib/x86_64-linux-gnu/libX11.so.6.4.0)
==98220==    by 0x48ACF4C: ??? (in /usr/lib/x86_64-linux-gnu/libX11.so.6.4.0)
==98220==    by 0x48AD13D: XGetDefault (in /usr/lib/x86_64-linux-gnu/libX11.so.6.4.0)
==98220==    by 0x5364A82: _XcursorGetDisplayInfo (in /usr/lib/x86_64-linux-gnu/libXcursor.so.1.0.2)
==98220==    by 0x5364BBC: XcursorSupportsARGB (in /usr/lib/x86_64-linux-gnu/libXcursor.so.1.0.2)
==98220==    by 0x536805E: XcursorNoticeCreateBitmap (in /usr/lib/x86_64-linux-gnu/libXcursor.so.1.0.2)
==98220== 
==98220== 64 bytes in 1 blocks are still reachable in loss record 29 of 64
==98220==    at 0x4846828: malloc (in /usr/libexec/valgrind/vgpreload_memcheck-amd64-linux.so)
==98220==    by 0x48D9D3D: _XlcSetConverter (in /usr/lib/x86_64-linux-gnu/libX11.so.6.4.0)
==98220==    by 0x4900E65: _XlcDefaultLoader (in /usr/lib/x86_64-linux-gnu/libX11.so.6.4.0)
==98220==    by 0x48E5130: _XOpenLC (in /usr/lib/x86_64-linux-gnu/libX11.so.6.4.0)
==98220==    by 0x48E5B76: _XrmInitParseInfo (in /usr/lib/x86_64-linux-gnu/libX11.so.6.4.0)
==98220==    by 0x48CF0AF: ??? (in /usr/lib/x86_64-linux-gnu/libX11.so.6.4.0)
==98220==    by 0x48CF532: XrmGetStringDatabase (in /usr/lib/x86_64-linux-gnu/libX11.so.6.4.0)
==98220==    by 0x48ACF4C: ??? (in /usr/lib/x86_64-linux-gnu/libX11.so.6.4.0)
==98220==    by 0x48AD13D: XGetDefault (in /usr/lib/x86_64-linux-gnu/libX11.so.6.4.0)
==98220==    by 0x5364A82: _XcursorGetDisplayInfo (in /usr/lib/x86_64-linux-gnu/libXcursor.so.1.0.2)
==98220==    by 0x5364BBC: XcursorSupportsARGB (in /usr/lib/x86_64-linux-gnu/libXcursor.so.1.0.2)
==98220==    by 0x536805E: XcursorNoticeCreateBitmap (in /usr/lib/x86_64-linux-gnu/libXcursor.so.1.0.2)
==98220== 
==98220== 64 bytes in 1 blocks are still reachable in loss record 30 of 64
==98220==    at 0x4846828: malloc (in /usr/libexec/valgrind/vgpreload_memcheck-amd64-linux.so)
==98220==    by 0x48D9D3D: _XlcSetConverter (in /usr/lib/x86_64-linux-gnu/libX11.so.6.4.0)
==98220==    by 0x4900E7D: _XlcDefaultLoader (in /usr/lib/x86_64-linux-gnu/libX11.so.6.4.0)
==98220==    by 0x48E5130: _XOpenLC (in /usr/lib/x86_64-linux-gnu/libX11.so.6.4.0)
==98220==    by 0x48E5B76: _XrmInitParseInfo (in /usr/lib/x86_64-linux-gnu/libX11.so.6.4.0)
==98220==    by 0x48CF0AF: ??? (in /usr/lib/x86_64-linux-gnu/libX11.so.6.4.0)
==98220==    by 0x48CF532: XrmGetStringDatabase (in /usr/lib/x86_64-linux-gnu/libX11.so.6.4.0)
==98220==    by 0x48ACF4C: ??? (in /usr/lib/x86_64-linux-gnu/libX11.so.6.4.0)
==98220==    by 0x48AD13D: XGetDefault (in /usr/lib/x86_64-linux-gnu/libX11.so.6.4.0)
==98220==    by 0x5364A82: _XcursorGetDisplayInfo (in /usr/lib/x86_64-linux-gnu/libXcursor.so.1.0.2)
==98220==    by 0x5364BBC: XcursorSupportsARGB (in /usr/lib/x86_64-linux-gnu/libXcursor.so.1.0.2)
==98220==    by 0x536805E: XcursorNoticeCreateBitmap (in /usr/lib/x86_64-linux-gnu/libXcursor.so.1.0.2)
==98220== 
==98220== 64 bytes in 1 blocks are still reachable in loss record 31 of 64
==98220==    at 0x4846828: malloc (in /usr/libexec/valgrind/vgpreload_memcheck-amd64-linux.so)
==98220==    by 0x48D9D3D: _XlcSetConverter (in /usr/lib/x86_64-linux-gnu/libX11.so.6.4.0)
==98220==    by 0x4900E95: _XlcDefaultLoader (in /usr/lib/x86_64-linux-gnu/libX11.so.6.4.0)
==98220==    by 0x48E5130: _XOpenLC (in /usr/lib/x86_64-linux-gnu/libX11.so.6.4.0)
==98220==    by 0x48E5B76: _XrmInitParseInfo (in /usr/lib/x86_64-linux-gnu/libX11.so.6.4.0)
==98220==    by 0x48CF0AF: ??? (in /usr/lib/x86_64-linux-gnu/libX11.so.6.4.0)
==98220==    by 0x48CF532: XrmGetStringDatabase (in /usr/lib/x86_64-linux-gnu/libX11.so.6.4.0)
==98220==    by 0x48ACF4C: ??? (in /usr/lib/x86_64-linux-gnu/libX11.so.6.4.0)
==98220==    by 0x48AD13D: XGetDefault (in /usr/lib/x86_64-linux-gnu/libX11.so.6.4.0)
==98220==    by 0x5364A82: _XcursorGetDisplayInfo (in /usr/lib/x86_64-linux-gnu/libXcursor.so.1.0.2)
==98220==    by 0x5364BBC: XcursorSupportsARGB (in /usr/lib/x86_64-linux-gnu/libXcursor.so.1.0.2)
==98220==    by 0x536805E: XcursorNoticeCreateBitmap (in /usr/lib/x86_64-linux-gnu/libXcursor.so.1.0.2)
==98220== 
==98220== 64 bytes in 1 blocks are still reachable in loss record 32 of 64
==98220==    at 0x4846828: malloc (in /usr/libexec/valgrind/vgpreload_memcheck-amd64-linux.so)
==98220==    by 0x48D9D3D: _XlcSetConverter (in /usr/lib/x86_64-linux-gnu/libX11.so.6.4.0)
==98220==    by 0x48E6D6B: _XlcAddUtf8Converters (in /usr/lib/x86_64-linux-gnu/libX11.so.6.4.0)
==98220==    by 0x4900E9D: _XlcDefaultLoader (in /usr/lib/x86_64-linux-gnu/libX11.so.6.4.0)
==98220==    by 0x48E5130: _XOpenLC (in /usr/lib/x86_64-linux-gnu/libX11.so.6.4.0)
==98220==    by 0x48E5B76: _XrmInitParseInfo (in /usr/lib/x86_64-linux-gnu/libX11.so.6.4.0)
==98220==    by 0x48CF0AF: ??? (in /usr/lib/x86_64-linux-gnu/libX11.so.6.4.0)
==98220==    by 0x48CF532: XrmGetStringDatabase (in /usr/lib/x86_64-linux-gnu/libX11.so.6.4.0)
==98220==    by 0x48ACF4C: ??? (in /usr/lib/x86_64-linux-gnu/libX11.so.6.4.0)
==98220==    by 0x48AD13D: XGetDefault (in /usr/lib/x86_64-linux-gnu/libX11.so.6.4.0)
==98220==    by 0x5364A82: _XcursorGetDisplayInfo (in /usr/lib/x86_64-linux-gnu/libXcursor.so.1.0.2)
==98220==    by 0x5364BBC: XcursorSupportsARGB (in /usr/lib/x86_64-linux-gnu/libXcursor.so.1.0.2)
==98220== 
==98220== 64 bytes in 1 blocks are still reachable in loss record 33 of 64
==98220==    at 0x4846828: malloc (in /usr/libexec/valgrind/vgpreload_memcheck-amd64-linux.so)
==98220==    by 0x48D9D3D: _XlcSetConverter (in /usr/lib/x86_64-linux-gnu/libX11.so.6.4.0)
==98220==    by 0x48E6D8A: _XlcAddUtf8Converters (in /usr/lib/x86_64-linux-gnu/libX11.so.6.4.0)
==98220==    by 0x4900E9D: _XlcDefaultLoader (in /usr/lib/x86_64-linux-gnu/libX11.so.6.4.0)
==98220==    by 0x48E5130: _XOpenLC (in /usr/lib/x86_64-linux-gnu/libX11.so.6.4.0)
==98220==    by 0x48E5B76: _XrmInitParseInfo (in /usr/lib/x86_64-linux-gnu/libX11.so.6.4.0)
==98220==    by 0x48CF0AF: ??? (in /usr/lib/x86_64-linux-gnu/libX11.so.6.4.0)
==98220==    by 0x48CF532: XrmGetStringDatabase (in /usr/lib/x86_64-linux-gnu/libX11.so.6.4.0)
==98220==    by 0x48ACF4C: ??? (in /usr/lib/x86_64-linux-gnu/libX11.so.6.4.0)
==98220==    by 0x48AD13D: XGetDefault (in /usr/lib/x86_64-linux-gnu/libX11.so.6.4.0)
==98220==    by 0x5364A82: _XcursorGetDisplayInfo (in /usr/lib/x86_64-linux-gnu/libXcursor.so.1.0.2)
==98220==    by 0x5364BBC: XcursorSupportsARGB (in /usr/lib/x86_64-linux-gnu/libXcursor.so.1.0.2)
==98220== 
==98220== 64 bytes in 1 blocks are still reachable in loss record 34 of 64
==98220==    at 0x4846828: malloc (in /usr/libexec/valgrind/vgpreload_memcheck-amd64-linux.so)
==98220==    by 0x48D9D3D: _XlcSetConverter (in /usr/lib/x86_64-linux-gnu/libX11.so.6.4.0)
==98220==    by 0x48E6DA2: _XlcAddUtf8Converters (in /usr/lib/x86_64-linux-gnu/libX11.so.6.4.0)
==98220==    by 0x4900E9D: _XlcDefaultLoader (in /usr/lib/x86_64-linux-gnu/libX11.so.6.4.0)
==98220==    by 0x48E5130: _XOpenLC (in /usr/lib/x86_64-linux-gnu/libX11.so.6.4.0)
==98220==    by 0x48E5B76: _XrmInitParseInfo (in /usr/lib/x86_64-linux-gnu/libX11.so.6.4.0)
==98220==    by 0x48CF0AF: ??? (in /usr/lib/x86_64-linux-gnu/libX11.so.6.4.0)
==98220==    by 0x48CF532: XrmGetStringDatabase (in /usr/lib/x86_64-linux-gnu/libX11.so.6.4.0)
==98220==    by 0x48ACF4C: ??? (in /usr/lib/x86_64-linux-gnu/libX11.so.6.4.0)
==98220==    by 0x48AD13D: XGetDefault (in /usr/lib/x86_64-linux-gnu/libX11.so.6.4.0)
==98220==    by 0x5364A82: _XcursorGetDisplayInfo (in /usr/lib/x86_64-linux-gnu/libXcursor.so.1.0.2)
==98220==    by 0x5364BBC: XcursorSupportsARGB (in /usr/lib/x86_64-linux-gnu/libXcursor.so.1.0.2)
==98220== 
==98220== 64 bytes in 1 blocks are still reachable in loss record 35 of 64
==98220==    at 0x4846828: malloc (in /usr/libexec/valgrind/vgpreload_memcheck-amd64-linux.so)
==98220==    by 0x48D9D3D: _XlcSetConverter (in /usr/lib/x86_64-linux-gnu/libX11.so.6.4.0)
==98220==    by 0x48E6DBA: _XlcAddUtf8Converters (in /usr/lib/x86_64-linux-gnu/libX11.so.6.4.0)
==98220==    by 0x4900E9D: _XlcDefaultLoader (in /usr/lib/x86_64-linux-gnu/libX11.so.6.4.0)
==98220==    by 0x48E5130: _XOpenLC (in /usr/lib/x86_64-linux-gnu/libX11.so.6.4.0)
==98220==    by 0x48E5B76: _XrmInitParseInfo (in /usr/lib/x86_64-linux-gnu/libX11.so.6.4.0)
==98220==    by 0x48CF0AF: ??? (in /usr/lib/x86_64-linux-gnu/libX11.so.6.4.0)
==98220==    by 0x48CF532: XrmGetStringDatabase (in /usr/lib/x86_64-linux-gnu/libX11.so.6.4.0)
==98220==    by 0x48ACF4C: ??? (in /usr/lib/x86_64-linux-gnu/libX11.so.6.4.0)
==98220==    by 0x48AD13D: XGetDefault (in /usr/lib/x86_64-linux-gnu/libX11.so.6.4.0)
==98220==    by 0x5364A82: _XcursorGetDisplayInfo (in /usr/lib/x86_64-linux-gnu/libXcursor.so.1.0.2)
==98220==    by 0x5364BBC: XcursorSupportsARGB (in /usr/lib/x86_64-linux-gnu/libXcursor.so.1.0.2)
==98220== 
==98220== 64 bytes in 1 blocks are still reachable in loss record 36 of 64
==98220==    at 0x4846828: malloc (in /usr/libexec/valgrind/vgpreload_memcheck-amd64-linux.so)
==98220==    by 0x48D9D3D: _XlcSetConverter (in /usr/lib/x86_64-linux-gnu/libX11.so.6.4.0)
==98220==    by 0x48E6DD2: _XlcAddUtf8Converters (in /usr/lib/x86_64-linux-gnu/libX11.so.6.4.0)
==98220==    by 0x4900E9D: _XlcDefaultLoader (in /usr/lib/x86_64-linux-gnu/libX11.so.6.4.0)
==98220==    by 0x48E5130: _XOpenLC (in /usr/lib/x86_64-linux-gnu/libX11.so.6.4.0)
==98220==    by 0x48E5B76: _XrmInitParseInfo (in /usr/lib/x86_64-linux-gnu/libX11.so.6.4.0)
==98220==    by 0x48CF0AF: ??? (in /usr/lib/x86_64-linux-gnu/libX11.so.6.4.0)
==98220==    by 0x48CF532: XrmGetStringDatabase (in /usr/lib/x86_64-linux-gnu/libX11.so.6.4.0)
==98220==    by 0x48ACF4C: ??? (in /usr/lib/x86_64-linux-gnu/libX11.so.6.4.0)
==98220==    by 0x48AD13D: XGetDefault (in /usr/lib/x86_64-linux-gnu/libX11.so.6.4.0)
==98220==    by 0x5364A82: _XcursorGetDisplayInfo (in /usr/lib/x86_64-linux-gnu/libXcursor.so.1.0.2)
==98220==    by 0x5364BBC: XcursorSupportsARGB (in /usr/lib/x86_64-linux-gnu/libXcursor.so.1.0.2)
==98220== 
==98220== 64 bytes in 1 blocks are still reachable in loss record 37 of 64
==98220==    at 0x4846828: malloc (in /usr/libexec/valgrind/vgpreload_memcheck-amd64-linux.so)
==98220==    by 0x48D9D3D: _XlcSetConverter (in /usr/lib/x86_64-linux-gnu/libX11.so.6.4.0)
==98220==    by 0x48E6DF1: _XlcAddUtf8Converters (in /usr/lib/x86_64-linux-gnu/libX11.so.6.4.0)
==98220==    by 0x4900E9D: _XlcDefaultLoader (in /usr/lib/x86_64-linux-gnu/libX11.so.6.4.0)
==98220==    by 0x48E5130: _XOpenLC (in /usr/lib/x86_64-linux-gnu/libX11.so.6.4.0)
==98220==    by 0x48E5B76: _XrmInitParseInfo (in /usr/lib/x86_64-linux-gnu/libX11.so.6.4.0)
==98220==    by 0x48CF0AF: ??? (in /usr/lib/x86_64-linux-gnu/libX11.so.6.4.0)
==98220==    by 0x48CF532: XrmGetStringDatabase (in /usr/lib/x86_64-linux-gnu/libX11.so.6.4.0)
==98220==    by 0x48ACF4C: ??? (in /usr/lib/x86_64-linux-gnu/libX11.so.6.4.0)
==98220==    by 0x48AD13D: XGetDefault (in /usr/lib/x86_64-linux-gnu/libX11.so.6.4.0)
==98220==    by 0x5364A82: _XcursorGetDisplayInfo (in /usr/lib/x86_64-linux-gnu/libXcursor.so.1.0.2)
==98220==    by 0x5364BBC: XcursorSupportsARGB (in /usr/lib/x86_64-linux-gnu/libXcursor.so.1.0.2)
==98220== 
==98220== 64 bytes in 1 blocks are still reachable in loss record 38 of 64
==98220==    at 0x4846828: malloc (in /usr/libexec/valgrind/vgpreload_memcheck-amd64-linux.so)
==98220==    by 0x48D9D3D: _XlcSetConverter (in /usr/lib/x86_64-linux-gnu/libX11.so.6.4.0)
==98220==    by 0x4900E9D: _XlcDefaultLoader (in /usr/lib/x86_64-linux-gnu/libX11.so.6.4.0)
==98220==    by 0x48E5130: _XOpenLC (in /usr/lib/x86_64-linux-gnu/libX11.so.6.4.0)
==98220==    by 0x48E5B76: _XrmInitParseInfo (in /usr/lib/x86_64-linux-gnu/libX11.so.6.4.0)
==98220==    by 0x48CF0AF: ??? (in /usr/lib/x86_64-linux-gnu/libX11.so.6.4.0)
==98220==    by 0x48CF532: XrmGetStringDatabase (in /usr/lib/x86_64-linux-gnu/libX11.so.6.4.0)
==98220==    by 0x48ACF4C: ??? (in /usr/lib/x86_64-linux-gnu/libX11.so.6.4.0)
==98220==    by 0x48AD13D: XGetDefault (in /usr/lib/x86_64-linux-gnu/libX11.so.6.4.0)
==98220==    by 0x5364A82: _XcursorGetDisplayInfo (in /usr/lib/x86_64-linux-gnu/libXcursor.so.1.0.2)
==98220==    by 0x5364BBC: XcursorSupportsARGB (in /usr/lib/x86_64-linux-gnu/libXcursor.so.1.0.2)
==98220==    by 0x536805E: XcursorNoticeCreateBitmap (in /usr/lib/x86_64-linux-gnu/libXcursor.so.1.0.2)
==98220== 
==98220== 75 bytes in 2 blocks are still reachable in loss record 39 of 64
==98220==    at 0x4846828: malloc (in /usr/libexec/valgrind/vgpreload_memcheck-amd64-linux.so)
==98220==    by 0x4028ABF: malloc (rtld-malloc.h:56)
==98220==    by 0x4028ABF: strdup (strdup.c:42)
==98220==    by 0x4016A95: _dl_load_cache_lookup (dl-cache.c:515)
==98220==    by 0x40097CA: _dl_map_object (dl-load.c:2135)
==98220==    by 0x4002A2C: openaux (dl-deps.c:64)
==98220==    by 0x400151B: _dl_catch_exception (dl-catch.c:237)
==98220==    by 0x4002E66: _dl_map_object_deps (dl-deps.c:232)
==98220==    by 0x400D944: dl_open_worker_begin (dl-open.c:638)
==98220==    by 0x400151B: _dl_catch_exception (dl-catch.c:237)
==98220==    by 0x400CD1F: dl_open_worker (dl-open.c:803)
==98220==    by 0x400151B: _dl_catch_exception (dl-catch.c:237)
==98220==    by 0x400D163: _dl_open (dl-open.c:905)
==98220== 
==98220== 75 bytes in 2 blocks are still reachable in loss record 40 of 64
==98220==    at 0x4846828: malloc (in /usr/libexec/valgrind/vgpreload_memcheck-amd64-linux.so)
==98220==    by 0x400CA68: malloc (rtld-malloc.h:56)
==98220==    by 0x400CA68: _dl_new_object (dl-object.c:199)
==98220==    by 0x4007ABE: _dl_map_object_from_fd (dl-load.c:1053)
==98220==    by 0x4009528: _dl_map_object (dl-load.c:2268)
==98220==    by 0x4002A2C: openaux (dl-deps.c:64)
==98220==    by 0x400151B: _dl_catch_exception (dl-catch.c:237)
==98220==    by 0x4002E66: _dl_map_object_deps (dl-deps.c:232)
==98220==    by 0x400D944: dl_open_worker_begin (dl-open.c:638)
==98220==    by 0x400151B: _dl_catch_exception (dl-catch.c:237)
==98220==    by 0x400CD1F: dl_open_worker (dl-open.c:803)
==98220==    by 0x400151B: _dl_catch_exception (dl-catch.c:237)
==98220==    by 0x400D163: _dl_open (dl-open.c:905)
==98220== 
==98220== 88 bytes in 1 blocks are still reachable in loss record 41 of 64
==98220==    at 0x484D953: calloc (in /usr/libexec/valgrind/vgpreload_memcheck-amd64-linux.so)
==98220==    by 0x115EDB: mlx_int_new_xshm_image (in /home/lila/Downloads/Cub3D/cub3D)
==98220==    by 0x116220: mlx_new_image (in /home/lila/Downloads/Cub3D/cub3D)
==98220==    by 0x116BB9: mlx_int_parse_xpm (in /home/lila/Downloads/Cub3D/cub3D)
==98220==    by 0x116FD3: mlx_xpm_file_to_image (in /home/lila/Downloads/Cub3D/cub3D)
==98220==    by 0x10FF9F: load_texture (in /home/lila/Downloads/Cub3D/cub3D)
==98220==    by 0x110131: load_environment_textures (in /home/lila/Downloads/Cub3D/cub3D)
==98220==    by 0x10FEBC: init_game (in /home/lila/Downloads/Cub3D/cub3D)
==98220==    by 0x10FC5E: main (in /home/lila/Downloads/Cub3D/cub3D)
==98220== 
==98220== 136 bytes in 1 blocks are still reachable in loss record 42 of 64
==98220==    at 0x484D953: calloc (in /usr/libexec/valgrind/vgpreload_memcheck-amd64-linux.so)
==98220==    by 0x48790A6: XShmCreateImage (in /usr/lib/x86_64-linux-gnu/libXext.so.6.4.0)
==98220==    by 0x115F0B: mlx_int_new_xshm_image (in /home/lila/Downloads/Cub3D/cub3D)
==98220==    by 0x116220: mlx_new_image (in /home/lila/Downloads/Cub3D/cub3D)
==98220==    by 0x116BB9: mlx_int_parse_xpm (in /home/lila/Downloads/Cub3D/cub3D)
==98220==    by 0x116FD3: mlx_xpm_file_to_image (in /home/lila/Downloads/Cub3D/cub3D)
==98220==    by 0x10FF9F: load_texture (in /home/lila/Downloads/Cub3D/cub3D)
==98220==    by 0x110131: load_environment_textures (in /home/lila/Downloads/Cub3D/cub3D)
==98220==    by 0x10FEBC: init_game (in /home/lila/Downloads/Cub3D/cub3D)
==98220==    by 0x10FC5E: main (in /home/lila/Downloads/Cub3D/cub3D)
==98220== 
==98220== 142 bytes in 18 blocks are still reachable in loss record 43 of 64
==98220==    at 0x4846828: malloc (in /usr/libexec/valgrind/vgpreload_memcheck-amd64-linux.so)
==98220==    by 0x48D25B0: ??? (in /usr/lib/x86_64-linux-gnu/libX11.so.6.4.0)
==98220==    by 0x48D3F54: ??? (in /usr/lib/x86_64-linux-gnu/libX11.so.6.4.0)
==98220==    by 0x48D3FC6: ??? (in /usr/lib/x86_64-linux-gnu/libX11.so.6.4.0)
==98220==    by 0x48E1427: _XlcCreateLocaleDataBase (in /usr/lib/x86_64-linux-gnu/libX11.so.6.4.0)
==98220==    by 0x48E5D0E: ??? (in /usr/lib/x86_64-linux-gnu/libX11.so.6.4.0)
==98220==    by 0x48E404E: ??? (in /usr/lib/x86_64-linux-gnu/libX11.so.6.4.0)
==98220==    by 0x48E0C3D: _XlcCreateLC (in /usr/lib/x86_64-linux-gnu/libX11.so.6.4.0)
==98220==    by 0x4900D53: _XlcDefaultLoader (in /usr/lib/x86_64-linux-gnu/libX11.so.6.4.0)
==98220==    by 0x48E5130: _XOpenLC (in /usr/lib/x86_64-linux-gnu/libX11.so.6.4.0)
==98220==    by 0x48E5B76: _XrmInitParseInfo (in /usr/lib/x86_64-linux-gnu/libX11.so.6.4.0)
==98220==    by 0x48CF0AF: ??? (in /usr/lib/x86_64-linux-gnu/libX11.so.6.4.0)
==98220== 
==98220== 160 bytes in 2 blocks are still reachable in loss record 44 of 64
==98220==    at 0x484D953: calloc (in /usr/libexec/valgrind/vgpreload_memcheck-amd64-linux.so)
==98220==    by 0x48DF21E: ??? (in /usr/lib/x86_64-linux-gnu/libX11.so.6.4.0)
==98220==    by 0x48E22A3: ??? (in /usr/lib/x86_64-linux-gnu/libX11.so.6.4.0)
==98220==    by 0x48E405A: ??? (in /usr/lib/x86_64-linux-gnu/libX11.so.6.4.0)
==98220==    by 0x48E0C3D: _XlcCreateLC (in /usr/lib/x86_64-linux-gnu/libX11.so.6.4.0)
==98220==    by 0x4900D53: _XlcDefaultLoader (in /usr/lib/x86_64-linux-gnu/libX11.so.6.4.0)
==98220==    by 0x48E5130: _XOpenLC (in /usr/lib/x86_64-linux-gnu/libX11.so.6.4.0)
==98220==    by 0x48E5B76: _XrmInitParseInfo (in /usr/lib/x86_64-linux-gnu/libX11.so.6.4.0)
==98220==    by 0x48CF0AF: ??? (in /usr/lib/x86_64-linux-gnu/libX11.so.6.4.0)
==98220==    by 0x48CF532: XrmGetStringDatabase (in /usr/lib/x86_64-linux-gnu/libX11.so.6.4.0)
==98220==    by 0x48ACF4C: ??? (in /usr/lib/x86_64-linux-gnu/libX11.so.6.4.0)
==98220==    by 0x48AD13D: XGetDefault (in /usr/lib/x86_64-linux-gnu/libX11.so.6.4.0)
==98220== 
==98220== 168 bytes in 1 blocks are still reachable in loss record 45 of 64
==98220==    at 0x4846828: malloc (in /usr/libexec/valgrind/vgpreload_memcheck-amd64-linux.so)
==98220==    by 0x48DEF88: ??? (in /usr/lib/x86_64-linux-gnu/libX11.so.6.4.0)
==98220==    by 0x48E0C1A: _XlcCreateLC (in /usr/lib/x86_64-linux-gnu/libX11.so.6.4.0)
==98220==    by 0x4900D53: _XlcDefaultLoader (in /usr/lib/x86_64-linux-gnu/libX11.so.6.4.0)
==98220==    by 0x48E5130: _XOpenLC (in /usr/lib/x86_64-linux-gnu/libX11.so.6.4.0)
==98220==    by 0x48E5B76: _XrmInitParseInfo (in /usr/lib/x86_64-linux-gnu/libX11.so.6.4.0)
==98220==    by 0x48CF0AF: ??? (in /usr/lib/x86_64-linux-gnu/libX11.so.6.4.0)
==98220==    by 0x48CF532: XrmGetStringDatabase (in /usr/lib/x86_64-linux-gnu/libX11.so.6.4.0)
==98220==    by 0x48ACF4C: ??? (in /usr/lib/x86_64-linux-gnu/libX11.so.6.4.0)
==98220==    by 0x48AD13D: XGetDefault (in /usr/lib/x86_64-linux-gnu/libX11.so.6.4.0)
==98220==    by 0x5364A82: _XcursorGetDisplayInfo (in /usr/lib/x86_64-linux-gnu/libXcursor.so.1.0.2)
==98220==    by 0x5364BBC: XcursorSupportsARGB (in /usr/lib/x86_64-linux-gnu/libXcursor.so.1.0.2)
==98220== 
==98220== 176 bytes in 1 blocks are still reachable in loss record 46 of 64
==98220==    at 0x484D953: calloc (in /usr/libexec/valgrind/vgpreload_memcheck-amd64-linux.so)
==98220==    by 0x48DEF6D: ??? (in /usr/lib/x86_64-linux-gnu/libX11.so.6.4.0)
==98220==    by 0x48E0C1A: _XlcCreateLC (in /usr/lib/x86_64-linux-gnu/libX11.so.6.4.0)
==98220==    by 0x4900D53: _XlcDefaultLoader (in /usr/lib/x86_64-linux-gnu/libX11.so.6.4.0)
==98220==    by 0x48E5130: _XOpenLC (in /usr/lib/x86_64-linux-gnu/libX11.so.6.4.0)
==98220==    by 0x48E5B76: _XrmInitParseInfo (in /usr/lib/x86_64-linux-gnu/libX11.so.6.4.0)
==98220==    by 0x48CF0AF: ??? (in /usr/lib/x86_64-linux-gnu/libX11.so.6.4.0)
==98220==    by 0x48CF532: XrmGetStringDatabase (in /usr/lib/x86_64-linux-gnu/libX11.so.6.4.0)
==98220==    by 0x48ACF4C: ??? (in /usr/lib/x86_64-linux-gnu/libX11.so.6.4.0)
==98220==    by 0x48AD13D: XGetDefault (in /usr/lib/x86_64-linux-gnu/libX11.so.6.4.0)
==98220==    by 0x5364A82: _XcursorGetDisplayInfo (in /usr/lib/x86_64-linux-gnu/libXcursor.so.1.0.2)
==98220==    by 0x5364BBC: XcursorSupportsARGB (in /usr/lib/x86_64-linux-gnu/libXcursor.so.1.0.2)
==98220== 
==98220== 176 bytes in 2 blocks are still reachable in loss record 47 of 64
==98220==    at 0x484D953: calloc (in /usr/libexec/valgrind/vgpreload_memcheck-amd64-linux.so)
==98220==    by 0x115EDB: mlx_int_new_xshm_image (in /home/lila/Downloads/Cub3D/cub3D)
==98220==    by 0x116220: mlx_new_image (in /home/lila/Downloads/Cub3D/cub3D)
==98220==    by 0x116BB9: mlx_int_parse_xpm (in /home/lila/Downloads/Cub3D/cub3D)
==98220==    by 0x116FD3: mlx_xpm_file_to_image (in /home/lila/Downloads/Cub3D/cub3D)
==98220==    by 0x10FF9F: load_texture (in /home/lila/Downloads/Cub3D/cub3D)
==98220==    by 0x110303: load_enemy_textures (in /home/lila/Downloads/Cub3D/cub3D)
==98220==    by 0x10FED4: init_game (in /home/lila/Downloads/Cub3D/cub3D)
==98220==    by 0x10FC5E: main (in /home/lila/Downloads/Cub3D/cub3D)
==98220== 
==98220== 216 bytes in 18 blocks are still reachable in loss record 48 of 64
==98220==    at 0x4846828: malloc (in /usr/libexec/valgrind/vgpreload_memcheck-amd64-linux.so)
==98220==    by 0x4B6235E: strdup (strdup.c:42)
==98220==    by 0x48D3CDA: ??? (in /usr/lib/x86_64-linux-gnu/libX11.so.6.4.0)
==98220==    by 0x48D3FC6: ??? (in /usr/lib/x86_64-linux-gnu/libX11.so.6.4.0)
==98220==    by 0x48E1427: _XlcCreateLocaleDataBase (in /usr/lib/x86_64-linux-gnu/libX11.so.6.4.0)
==98220==    by 0x48E5D0E: ??? (in /usr/lib/x86_64-linux-gnu/libX11.so.6.4.0)
==98220==    by 0x48E404E: ??? (in /usr/lib/x86_64-linux-gnu/libX11.so.6.4.0)
==98220==    by 0x48E0C3D: _XlcCreateLC (in /usr/lib/x86_64-linux-gnu/libX11.so.6.4.0)
==98220==    by 0x4900D53: _XlcDefaultLoader (in /usr/lib/x86_64-linux-gnu/libX11.so.6.4.0)
==98220==    by 0x48E5130: _XOpenLC (in /usr/lib/x86_64-linux-gnu/libX11.so.6.4.0)
==98220==    by 0x48E5B76: _XrmInitParseInfo (in /usr/lib/x86_64-linux-gnu/libX11.so.6.4.0)
==98220==    by 0x48CF0AF: ??? (in /usr/lib/x86_64-linux-gnu/libX11.so.6.4.0)
==98220== 
==98220== 272 bytes in 2 blocks are still reachable in loss record 49 of 64
==98220==    at 0x484D953: calloc (in /usr/libexec/valgrind/vgpreload_memcheck-amd64-linux.so)
==98220==    by 0x48790A6: XShmCreateImage (in /usr/lib/x86_64-linux-gnu/libXext.so.6.4.0)
==98220==    by 0x115F0B: mlx_int_new_xshm_image (in /home/lila/Downloads/Cub3D/cub3D)
==98220==    by 0x116220: mlx_new_image (in /home/lila/Downloads/Cub3D/cub3D)
==98220==    by 0x116BB9: mlx_int_parse_xpm (in /home/lila/Downloads/Cub3D/cub3D)
==98220==    by 0x116FD3: mlx_xpm_file_to_image (in /home/lila/Downloads/Cub3D/cub3D)
==98220==    by 0x10FF9F: load_texture (in /home/lila/Downloads/Cub3D/cub3D)
==98220==    by 0x110303: load_enemy_textures (in /home/lila/Downloads/Cub3D/cub3D)
==98220==    by 0x10FED4: init_game (in /home/lila/Downloads/Cub3D/cub3D)
==98220==    by 0x10FC5E: main (in /home/lila/Downloads/Cub3D/cub3D)
==98220== 
==98220== 274 bytes in 18 blocks are still reachable in loss record 50 of 64
==98220==    at 0x4846828: malloc (in /usr/libexec/valgrind/vgpreload_memcheck-amd64-linux.so)
==98220==    by 0x4B6235E: strdup (strdup.c:42)
==98220==    by 0x48D3ECD: ??? (in /usr/lib/x86_64-linux-gnu/libX11.so.6.4.0)
==98220==    by 0x48D3FC6: ??? (in /usr/lib/x86_64-linux-gnu/libX11.so.6.4.0)
==98220==    by 0x48E1427: _XlcCreateLocaleDataBase (in /usr/lib/x86_64-linux-gnu/libX11.so.6.4.0)
==98220==    by 0x48E5D0E: ??? (in /usr/lib/x86_64-linux-gnu/libX11.so.6.4.0)
==98220==    by 0x48E404E: ??? (in /usr/lib/x86_64-linux-gnu/libX11.so.6.4.0)
==98220==    by 0x48E0C3D: _XlcCreateLC (in /usr/lib/x86_64-linux-gnu/libX11.so.6.4.0)
==98220==    by 0x4900D53: _XlcDefaultLoader (in /usr/lib/x86_64-linux-gnu/libX11.so.6.4.0)
==98220==    by 0x48E5130: _XOpenLC (in /usr/lib/x86_64-linux-gnu/libX11.so.6.4.0)
==98220==    by 0x48E5B76: _XrmInitParseInfo (in /usr/lib/x86_64-linux-gnu/libX11.so.6.4.0)
==98220==    by 0x48CF0AF: ??? (in /usr/lib/x86_64-linux-gnu/libX11.so.6.4.0)
==98220== 
==98220== 288 bytes in 18 blocks are still reachable in loss record 51 of 64
==98220==    at 0x4846828: malloc (in /usr/libexec/valgrind/vgpreload_memcheck-amd64-linux.so)
==98220==    by 0x48D258D: ??? (in /usr/lib/x86_64-linux-gnu/libX11.so.6.4.0)
==98220==    by 0x48D3F54: ??? (in /usr/lib/x86_64-linux-gnu/libX11.so.6.4.0)
==98220==    by 0x48D3FC6: ??? (in /usr/lib/x86_64-linux-gnu/libX11.so.6.4.0)
==98220==    by 0x48E1427: _XlcCreateLocaleDataBase (in /usr/lib/x86_64-linux-gnu/libX11.so.6.4.0)
==98220==    by 0x48E5D0E: ??? (in /usr/lib/x86_64-linux-gnu/libX11.so.6.4.0)
==98220==    by 0x48E404E: ??? (in /usr/lib/x86_64-linux-gnu/libX11.so.6.4.0)
==98220==    by 0x48E0C3D: _XlcCreateLC (in /usr/lib/x86_64-linux-gnu/libX11.so.6.4.0)
==98220==    by 0x4900D53: _XlcDefaultLoader (in /usr/lib/x86_64-linux-gnu/libX11.so.6.4.0)
==98220==    by 0x48E5130: _XOpenLC (in /usr/lib/x86_64-linux-gnu/libX11.so.6.4.0)
==98220==    by 0x48E5B76: _XrmInitParseInfo (in /usr/lib/x86_64-linux-gnu/libX11.so.6.4.0)
==98220==    by 0x48CF0AF: ??? (in /usr/lib/x86_64-linux-gnu/libX11.so.6.4.0)
==98220== 
==98220== 408 bytes in 3 blocks are still reachable in loss record 52 of 64
==98220==    at 0x484D953: calloc (in /usr/libexec/valgrind/vgpreload_memcheck-amd64-linux.so)
==98220==    by 0x401622F: calloc (rtld-malloc.h:44)
==98220==    by 0x401622F: _dl_check_map_versions (dl-version.c:280)
==98220==    by 0x400DC7C: dl_open_worker_begin (dl-open.c:646)
==98220==    by 0x400151B: _dl_catch_exception (dl-catch.c:237)
==98220==    by 0x400CD1F: dl_open_worker (dl-open.c:803)
==98220==    by 0x400151B: _dl_catch_exception (dl-catch.c:237)
==98220==    by 0x400D163: _dl_open (dl-open.c:905)
==98220==    by 0x4B461A3: dlopen_doit (dlopen.c:56)
==98220==    by 0x400151B: _dl_catch_exception (dl-catch.c:237)
==98220==    by 0x4001668: _dl_catch_error (dl-catch.c:256)
==98220==    by 0x4B45C82: _dlerror_run (dlerror.c:138)
==98220==    by 0x4B4625E: dlopen_implementation (dlopen.c:71)
==98220==    by 0x4B4625E: dlopen@@GLIBC_2.34 (dlopen.c:81)
==98220== 
==98220== 456 bytes in 1 blocks are still reachable in loss record 53 of 64
==98220==    at 0x484D953: calloc (in /usr/libexec/valgrind/vgpreload_memcheck-amd64-linux.so)
==98220==    by 0x48E14C5: _XlcCreateLocaleDataBase (in /usr/lib/x86_64-linux-gnu/libX11.so.6.4.0)
==98220==    by 0x48E5D0E: ??? (in /usr/lib/x86_64-linux-gnu/libX11.so.6.4.0)
==98220==    by 0x48E404E: ??? (in /usr/lib/x86_64-linux-gnu/libX11.so.6.4.0)
==98220==    by 0x48E0C3D: _XlcCreateLC (in /usr/lib/x86_64-linux-gnu/libX11.so.6.4.0)
==98220==    by 0x4900D53: _XlcDefaultLoader (in /usr/lib/x86_64-linux-gnu/libX11.so.6.4.0)
==98220==    by 0x48E5130: _XOpenLC (in /usr/lib/x86_64-linux-gnu/libX11.so.6.4.0)
==98220==    by 0x48E5B76: _XrmInitParseInfo (in /usr/lib/x86_64-linux-gnu/libX11.so.6.4.0)
==98220==    by 0x48CF0AF: ??? (in /usr/lib/x86_64-linux-gnu/libX11.so.6.4.0)
==98220==    by 0x48CF532: XrmGetStringDatabase (in /usr/lib/x86_64-linux-gnu/libX11.so.6.4.0)
==98220==    by 0x48ACF4C: ??? (in /usr/lib/x86_64-linux-gnu/libX11.so.6.4.0)
==98220==    by 0x48AD13D: XGetDefault (in /usr/lib/x86_64-linux-gnu/libX11.so.6.4.0)
==98220== 
==98220== 633 bytes in 49 blocks are still reachable in loss record 54 of 64
==98220==    at 0x4846828: malloc (in /usr/libexec/valgrind/vgpreload_memcheck-amd64-linux.so)
==98220==    by 0x48D98A5: _XlcCreateDefaultCharSet (in /usr/lib/x86_64-linux-gnu/libX11.so.6.4.0)
==98220==    by 0x48D9C62: _XlcAddCT (in /usr/lib/x86_64-linux-gnu/libX11.so.6.4.0)
==98220==    by 0x48D9E0F: _XlcInitCTInfo (in /usr/lib/x86_64-linux-gnu/libX11.so.6.4.0)
==98220==    by 0x48E5BD5: ??? (in /usr/lib/x86_64-linux-gnu/libX11.so.6.4.0)
==98220==    by 0x48E404E: ??? (in /usr/lib/x86_64-linux-gnu/libX11.so.6.4.0)
==98220==    by 0x48E0C3D: _XlcCreateLC (in /usr/lib/x86_64-linux-gnu/libX11.so.6.4.0)
==98220==    by 0x4902E39: _XlcUtf8Loader (in /usr/lib/x86_64-linux-gnu/libX11.so.6.4.0)
==98220==    by 0x48E5130: _XOpenLC (in /usr/lib/x86_64-linux-gnu/libX11.so.6.4.0)
==98220==    by 0x48E5B76: _XrmInitParseInfo (in /usr/lib/x86_64-linux-gnu/libX11.so.6.4.0)
==98220==    by 0x48CF0AF: ??? (in /usr/lib/x86_64-linux-gnu/libX11.so.6.4.0)
==98220==    by 0x48CF532: XrmGetStringDatabase (in /usr/lib/x86_64-linux-gnu/libX11.so.6.4.0)
==98220== 
==98220== 720 bytes in 18 blocks are still reachable in loss record 55 of 64
==98220==    at 0x484D953: calloc (in /usr/libexec/valgrind/vgpreload_memcheck-amd64-linux.so)
==98220==    by 0x48D3CC2: ??? (in /usr/lib/x86_64-linux-gnu/libX11.so.6.4.0)
==98220==    by 0x48D3FC6: ??? (in /usr/lib/x86_64-linux-gnu/libX11.so.6.4.0)
==98220==    by 0x48E1427: _XlcCreateLocaleDataBase (in /usr/lib/x86_64-linux-gnu/libX11.so.6.4.0)
==98220==    by 0x48E5D0E: ??? (in /usr/lib/x86_64-linux-gnu/libX11.so.6.4.0)
==98220==    by 0x48E404E: ??? (in /usr/lib/x86_64-linux-gnu/libX11.so.6.4.0)
==98220==    by 0x48E0C3D: _XlcCreateLC (in /usr/lib/x86_64-linux-gnu/libX11.so.6.4.0)
==98220==    by 0x4900D53: _XlcDefaultLoader (in /usr/lib/x86_64-linux-gnu/libX11.so.6.4.0)
==98220==    by 0x48E5130: _XOpenLC (in /usr/lib/x86_64-linux-gnu/libX11.so.6.4.0)
==98220==    by 0x48E5B76: _XrmInitParseInfo (in /usr/lib/x86_64-linux-gnu/libX11.so.6.4.0)
==98220==    by 0x48CF0AF: ??? (in /usr/lib/x86_64-linux-gnu/libX11.so.6.4.0)
==98220==    by 0x48CF532: XrmGetStringDatabase (in /usr/lib/x86_64-linux-gnu/libX11.so.6.4.0)
==98220== 
==98220== 800 bytes in 50 blocks are still reachable in loss record 56 of 64
==98220==    at 0x4846828: malloc (in /usr/libexec/valgrind/vgpreload_memcheck-amd64-linux.so)
==98220==    by 0x48D9751: _XlcAddCharSet (in /usr/lib/x86_64-linux-gnu/libX11.so.6.4.0)
==98220==    by 0x48D9C72: _XlcAddCT (in /usr/lib/x86_64-linux-gnu/libX11.so.6.4.0)
==98220==    by 0x48D9E0F: _XlcInitCTInfo (in /usr/lib/x86_64-linux-gnu/libX11.so.6.4.0)
==98220==    by 0x48E5BD5: ??? (in /usr/lib/x86_64-linux-gnu/libX11.so.6.4.0)
==98220==    by 0x48E404E: ??? (in /usr/lib/x86_64-linux-gnu/libX11.so.6.4.0)
==98220==    by 0x48E0C3D: _XlcCreateLC (in /usr/lib/x86_64-linux-gnu/libX11.so.6.4.0)
==98220==    by 0x4902E39: _XlcUtf8Loader (in /usr/lib/x86_64-linux-gnu/libX11.so.6.4.0)
==98220==    by 0x48E5130: _XOpenLC (in /usr/lib/x86_64-linux-gnu/libX11.so.6.4.0)
==98220==    by 0x48E5B76: _XrmInitParseInfo (in /usr/lib/x86_64-linux-gnu/libX11.so.6.4.0)
==98220==    by 0x48CF0AF: ??? (in /usr/lib/x86_64-linux-gnu/libX11.so.6.4.0)
==98220==    by 0x48CF532: XrmGetStringDatabase (in /usr/lib/x86_64-linux-gnu/libX11.so.6.4.0)
==98220== 
==98220== 1,028 bytes in 50 blocks are still reachable in loss record 57 of 64
==98220==    at 0x4846828: malloc (in /usr/libexec/valgrind/vgpreload_memcheck-amd64-linux.so)
==98220==    by 0x48D9830: _XlcCreateDefaultCharSet (in /usr/lib/x86_64-linux-gnu/libX11.so.6.4.0)
==98220==    by 0x48D9C62: _XlcAddCT (in /usr/lib/x86_64-linux-gnu/libX11.so.6.4.0)
==98220==    by 0x48D9E0F: _XlcInitCTInfo (in /usr/lib/x86_64-linux-gnu/libX11.so.6.4.0)
==98220==    by 0x48E5BD5: ??? (in /usr/lib/x86_64-linux-gnu/libX11.so.6.4.0)
==98220==    by 0x48E404E: ??? (in /usr/lib/x86_64-linux-gnu/libX11.so.6.4.0)
==98220==    by 0x48E0C3D: _XlcCreateLC (in /usr/lib/x86_64-linux-gnu/libX11.so.6.4.0)
==98220==    by 0x4902E39: _XlcUtf8Loader (in /usr/lib/x86_64-linux-gnu/libX11.so.6.4.0)
==98220==    by 0x48E5130: _XOpenLC (in /usr/lib/x86_64-linux-gnu/libX11.so.6.4.0)
==98220==    by 0x48E5B76: _XrmInitParseInfo (in /usr/lib/x86_64-linux-gnu/libX11.so.6.4.0)
==98220==    by 0x48CF0AF: ??? (in /usr/lib/x86_64-linux-gnu/libX11.so.6.4.0)
==98220==    by 0x48CF532: XrmGetStringDatabase (in /usr/lib/x86_64-linux-gnu/libX11.so.6.4.0)
==98220== 
==98220== 1,256 bytes in 1 blocks are still reachable in loss record 58 of 64
==98220==    at 0x484D953: calloc (in /usr/libexec/valgrind/vgpreload_memcheck-amd64-linux.so)
==98220==    by 0x400C72C: calloc (rtld-malloc.h:44)
==98220==    by 0x400C72C: _dl_new_object (dl-object.c:92)
==98220==    by 0x4007ABE: _dl_map_object_from_fd (dl-load.c:1053)
==98220==    by 0x4009528: _dl_map_object (dl-load.c:2268)
==98220==    by 0x400D8DB: dl_open_worker_begin (dl-open.c:578)
==98220==    by 0x400151B: _dl_catch_exception (dl-catch.c:237)
==98220==    by 0x400CD1F: dl_open_worker (dl-open.c:803)
==98220==    by 0x400151B: _dl_catch_exception (dl-catch.c:237)
==98220==    by 0x400D163: _dl_open (dl-open.c:905)
==98220==    by 0x4B461A3: dlopen_doit (dlopen.c:56)
==98220==    by 0x400151B: _dl_catch_exception (dl-catch.c:237)
==98220==    by 0x4001668: _dl_catch_error (dl-catch.c:256)
==98220== 
==98220== 2,048 bytes in 1 blocks are still reachable in loss record 59 of 64
==98220==    at 0x4846828: malloc (in /usr/libexec/valgrind/vgpreload_memcheck-amd64-linux.so)
==98220==    by 0x48E1622: _XlcCreateLocaleDataBase (in /usr/lib/x86_64-linux-gnu/libX11.so.6.4.0)
==98220==    by 0x48E5D0E: ??? (in /usr/lib/x86_64-linux-gnu/libX11.so.6.4.0)
==98220==    by 0x48E404E: ??? (in /usr/lib/x86_64-linux-gnu/libX11.so.6.4.0)
==98220==    by 0x48E0C3D: _XlcCreateLC (in /usr/lib/x86_64-linux-gnu/libX11.so.6.4.0)
==98220==    by 0x4902E39: _XlcUtf8Loader (in /usr/lib/x86_64-linux-gnu/libX11.so.6.4.0)
==98220==    by 0x48E5130: _XOpenLC (in /usr/lib/x86_64-linux-gnu/libX11.so.6.4.0)
==98220==    by 0x48E5B76: _XrmInitParseInfo (in /usr/lib/x86_64-linux-gnu/libX11.so.6.4.0)
==98220==    by 0x48CF0AF: ??? (in /usr/lib/x86_64-linux-gnu/libX11.so.6.4.0)
==98220==    by 0x48CF532: XrmGetStringDatabase (in /usr/lib/x86_64-linux-gnu/libX11.so.6.4.0)
==98220==    by 0x48ACF4C: ??? (in /usr/lib/x86_64-linux-gnu/libX11.so.6.4.0)
==98220==    by 0x48AD13D: XGetDefault (in /usr/lib/x86_64-linux-gnu/libX11.so.6.4.0)
==98220== 
==98220== 2,511 bytes in 2 blocks are still reachable in loss record 60 of 64
==98220==    at 0x484D953: calloc (in /usr/libexec/valgrind/vgpreload_memcheck-amd64-linux.so)
==98220==    by 0x400C72C: calloc (rtld-malloc.h:44)
==98220==    by 0x400C72C: _dl_new_object (dl-object.c:92)
==98220==    by 0x4007ABE: _dl_map_object_from_fd (dl-load.c:1053)
==98220==    by 0x4009528: _dl_map_object (dl-load.c:2268)
==98220==    by 0x4002A2C: openaux (dl-deps.c:64)
==98220==    by 0x400151B: _dl_catch_exception (dl-catch.c:237)
==98220==    by 0x4002E66: _dl_map_object_deps (dl-deps.c:232)
==98220==    by 0x400D944: dl_open_worker_begin (dl-open.c:638)
==98220==    by 0x400151B: _dl_catch_exception (dl-catch.c:237)
==98220==    by 0x400CD1F: dl_open_worker (dl-open.c:803)
==98220==    by 0x400151B: _dl_catch_exception (dl-catch.c:237)
==98220==    by 0x400D163: _dl_open (dl-open.c:905)
==98220== 
==98220== 2,631 bytes in 50 blocks are still reachable in loss record 61 of 64
==98220==    at 0x4846828: malloc (in /usr/libexec/valgrind/vgpreload_memcheck-amd64-linux.so)
==98220==    by 0x48D99C3: _XlcAddCT (in /usr/lib/x86_64-linux-gnu/libX11.so.6.4.0)
==98220==    by 0x48D9E0F: _XlcInitCTInfo (in /usr/lib/x86_64-linux-gnu/libX11.so.6.4.0)
==98220==    by 0x48E5BD5: ??? (in /usr/lib/x86_64-linux-gnu/libX11.so.6.4.0)
==98220==    by 0x48E404E: ??? (in /usr/lib/x86_64-linux-gnu/libX11.so.6.4.0)
==98220==    by 0x48E0C3D: _XlcCreateLC (in /usr/lib/x86_64-linux-gnu/libX11.so.6.4.0)
==98220==    by 0x4902E39: _XlcUtf8Loader (in /usr/lib/x86_64-linux-gnu/libX11.so.6.4.0)
==98220==    by 0x48E5130: _XOpenLC (in /usr/lib/x86_64-linux-gnu/libX11.so.6.4.0)
==98220==    by 0x48E5B76: _XrmInitParseInfo (in /usr/lib/x86_64-linux-gnu/libX11.so.6.4.0)
==98220==    by 0x48CF0AF: ??? (in /usr/lib/x86_64-linux-gnu/libX11.so.6.4.0)
==98220==    by 0x48CF532: XrmGetStringDatabase (in /usr/lib/x86_64-linux-gnu/libX11.so.6.4.0)
==98220==    by 0x48ACF4C: ??? (in /usr/lib/x86_64-linux-gnu/libX11.so.6.4.0)
==98220== 
==98220== 3,600 bytes in 50 blocks are still reachable in loss record 62 of 64
==98220==    at 0x484D953: calloc (in /usr/libexec/valgrind/vgpreload_memcheck-amd64-linux.so)
==98220==    by 0x48D9800: _XlcCreateDefaultCharSet (in /usr/lib/x86_64-linux-gnu/libX11.so.6.4.0)
==98220==    by 0x48D9C62: _XlcAddCT (in /usr/lib/x86_64-linux-gnu/libX11.so.6.4.0)
==98220==    by 0x48D9E0F: _XlcInitCTInfo (in /usr/lib/x86_64-linux-gnu/libX11.so.6.4.0)
==98220==    by 0x48E5BD5: ??? (in /usr/lib/x86_64-linux-gnu/libX11.so.6.4.0)
==98220==    by 0x48E404E: ??? (in /usr/lib/x86_64-linux-gnu/libX11.so.6.4.0)
==98220==    by 0x48E0C3D: _XlcCreateLC (in /usr/lib/x86_64-linux-gnu/libX11.so.6.4.0)
==98220==    by 0x4902E39: _XlcUtf8Loader (in /usr/lib/x86_64-linux-gnu/libX11.so.6.4.0)
==98220==    by 0x48E5130: _XOpenLC (in /usr/lib/x86_64-linux-gnu/libX11.so.6.4.0)
==98220==    by 0x48E5B76: _XrmInitParseInfo (in /usr/lib/x86_64-linux-gnu/libX11.so.6.4.0)
==98220==    by 0x48CF0AF: ??? (in /usr/lib/x86_64-linux-gnu/libX11.so.6.4.0)
==98220==    by 0x48CF532: XrmGetStringDatabase (in /usr/lib/x86_64-linux-gnu/libX11.so.6.4.0)
==98220== 
==98220== 4,096 bytes in 1 blocks are still reachable in loss record 63 of 64
==98220==    at 0x484D953: calloc (in /usr/libexec/valgrind/vgpreload_memcheck-amd64-linux.so)
==98220==    by 0x48BB6D0: _XrmInternalStringToQuark (in /usr/lib/x86_64-linux-gnu/libX11.so.6.4.0)
==98220==    by 0x48CEFC3: XrmInitialize (in /usr/lib/x86_64-linux-gnu/libX11.so.6.4.0)
==98220==    by 0x48ACF3B: ??? (in /usr/lib/x86_64-linux-gnu/libX11.so.6.4.0)
==98220==    by 0x48AD13D: XGetDefault (in /usr/lib/x86_64-linux-gnu/libX11.so.6.4.0)
==98220==    by 0x5364A82: _XcursorGetDisplayInfo (in /usr/lib/x86_64-linux-gnu/libXcursor.so.1.0.2)
==98220==    by 0x5364BBC: XcursorSupportsARGB (in /usr/lib/x86_64-linux-gnu/libXcursor.so.1.0.2)
==98220==    by 0x536805E: XcursorNoticeCreateBitmap (in /usr/lib/x86_64-linux-gnu/libXcursor.so.1.0.2)
==98220==    by 0x48A5800: XCreatePixmap (in /usr/lib/x86_64-linux-gnu/libX11.so.6.4.0)
==98220==    by 0x48A9BA7: XCreateBitmapFromData (in /usr/lib/x86_64-linux-gnu/libX11.so.6.4.0)
==98220==    by 0x117B00: mlx_mouse_hide (in /home/lila/Downloads/Cub3D/cub3D)
==98220==    by 0x1103CE: start_game (in /home/lila/Downloads/Cub3D/cub3D)
==98220== 
==98220== 8,176 bytes in 1 blocks are still reachable in loss record 64 of 64
==98220==    at 0x4846828: malloc (in /usr/libexec/valgrind/vgpreload_memcheck-amd64-linux.so)
==98220==    by 0x48BA085: ??? (in /usr/lib/x86_64-linux-gnu/libX11.so.6.4.0)
==98220==    by 0x48BB849: _XrmInternalStringToQuark (in /usr/lib/x86_64-linux-gnu/libX11.so.6.4.0)
==98220==    by 0x48CEFC3: XrmInitialize (in /usr/lib/x86_64-linux-gnu/libX11.so.6.4.0)
==98220==    by 0x48ACF3B: ??? (in /usr/lib/x86_64-linux-gnu/libX11.so.6.4.0)
==98220==    by 0x48AD13D: XGetDefault (in /usr/lib/x86_64-linux-gnu/libX11.so.6.4.0)
==98220==    by 0x5364A82: _XcursorGetDisplayInfo (in /usr/lib/x86_64-linux-gnu/libXcursor.so.1.0.2)
==98220==    by 0x5364BBC: XcursorSupportsARGB (in /usr/lib/x86_64-linux-gnu/libXcursor.so.1.0.2)
==98220==    by 0x536805E: XcursorNoticeCreateBitmap (in /usr/lib/x86_64-linux-gnu/libXcursor.so.1.0.2)
==98220==    by 0x48A5800: XCreatePixmap (in /usr/lib/x86_64-linux-gnu/libX11.so.6.4.0)
==98220==    by 0x48A9BA7: XCreateBitmapFromData (in /usr/lib/x86_64-linux-gnu/libX11.so.6.4.0)
==98220==    by 0x117B00: mlx_mouse_hide (in /home/lila/Downloads/Cub3D/cub3D)
==98220== 
==98220== LEAK SUMMARY:
==98220==    definitely lost: 0 bytes in 0 blocks
==98220==    indirectly lost: 0 bytes in 0 blocks
==98220==      possibly lost: 0 bytes in 0 blocks
==98220==    still reachable: 32,407 bytes in 406 blocks
==98220==         suppressed: 0 bytes in 0 blocks
==98220== 
==98220== For lists of detected and suppressed errors, rerun with: -s
==98220== ERROR SUMMARY: 3 errors from 1 contexts (suppressed: 0 from 0)
